Analyzing data for game: Zaxxon
Total steps analyzed: 5000000
Number of trajectories: 3020
Visualizing a random game state:

Action space analysis:
Total actions: 5000000
Unique actions: [0, 1, 2, 3, 4, 5, 6, 7, 8, 9, 10, 11, 12, 13, 14, 15, 16, 17]
Number of unique actions: 18

Action frequency breakdown:
Action 0: 243174 times (4.86%)
Action 1: 283783 times (5.68%)
Action 2: 276713 times (5.53%)
Action 3: 306414 times (6.13%)
Action 4: 265630 times (5.31%)
Action 5: 218741 times (4.37%)
Action 6: 324395 times (6.49%)
Action 7: 266003 times (5.32%)
Action 8: 259099 times (5.18%)
Action 9: 231317 times (4.63%)
Action 10: 327444 times (6.55%)
Action 11: 338270 times (6.77%)
Action 12: 267313 times (5.35%)
Action 13: 242332 times (4.85%)
Action 14: 388336 times (7.77%)
Action 15: 284518 times (5.69%)
Action 16: 241589 times (4.83%)
Action 17: 234929 times (4.70%)

Action distribution entropy: 4.1532
Max possible entropy: 4.1699
Normalized entropy: 0.9960

Reward sequence analysis:
Average trajectory length: 1655.29
Average total reward per trajectory: 8.62
Maximum return: 34.00
Average steps until first non-zero reward: 339.47