Analyzing data for game: Seaquest
Total steps analyzed: 5000000
Number of trajectories: 3572
Visualizing a random game state:

Action space analysis:
Unique actions: [0, 1, 2, 3, 4, 5, 6, 7, 8, 9, 10, 11, 12, 13, 14, 15, 16, 17]
Number of unique actions: 18

Action frequency breakdown:
Action 9: 5.56%
Action 2: 5.56%
Action 17: 5.56%
Action 15: 5.56%
Action 0: 5.56%
Action 8: 5.56%
Action 12: 5.56%
Action 16: 5.56%
Action 14: 5.56%
Action 10: 5.56%
Action 7: 5.56%
Action 5: 5.56%
Action 1: 5.56%
Action 11: 5.56%
Action 3: 5.56%
Action 13: 5.56%
Action 4: 5.56%
Action 6: 5.56%

Reward sequence analysis:
Average trajectory length: 1399.41
Average total reward per trajectory: 66.82
Average steps until first non-zero reward: 89.83

Frame difference analysis:
Average frame difference: 0.5197
Median frame difference: 0.1349