Analyzing data for game: FishingDerby
Total steps analyzed: 5000000
Number of trajectories: 2818
Visualizing a random game state:

Action space analysis:
Total actions: 5000000
Unique actions: [0, 1, 2, 3, 4, 5, 6, 7, 8, 9, 10, 11, 12, 13, 14, 15, 16, 17]
Number of unique actions: 18

Action frequency breakdown:
Action 0: 218565 times (4.37%)
Action 1: 303454 times (6.07%)
Action 2: 196489 times (3.93%)
Action 3: 132189 times (2.64%)
Action 4: 297113 times (5.94%)
Action 5: 335305 times (6.71%)
Action 6: 142058 times (2.84%)
Action 7: 271730 times (5.43%)
Action 8: 155376 times (3.11%)
Action 9: 499604 times (9.99%)
Action 10: 246850 times (4.94%)
Action 11: 136448 times (2.73%)
Action 12: 383956 times (7.68%)
Action 13: 420838 times (8.42%)
Action 14: 144693 times (2.89%)
Action 15: 320732 times (6.41%)
Action 16: 178376 times (3.57%)
Action 17: 616224 times (12.32%)

Action distribution entropy: 4.0171
Max possible entropy: 4.1699
Normalized entropy: 0.9633

Reward sequence analysis:
Average trajectory length: 1773.84
Average total reward per trajectory: -2.08
Maximum return: 61.00
Average steps until first non-zero reward: 43.25