Analyzing data for game: Qbert
Total steps analyzed: 5000000
Number of trajectories: 4712
Visualizing a random game state:

Action space analysis:
Total actions: 5000000
Unique actions: [0, 1, 2, 3, 4, 5]
Number of unique actions: 6

Action frequency breakdown:
Action 0: 740790 times (14.82%)
Action 1: 749523 times (14.99%)
Action 2: 809750 times (16.20%)
Action 3: 951004 times (19.02%)
Action 4: 819130 times (16.38%)
Action 5: 929803 times (18.60%)

Action distribution entropy: 2.5782
Max possible entropy: 2.5850
Normalized entropy: 0.9974

Reward sequence analysis:
Average trajectory length: 1060.84
Average total reward per trajectory: 131.87
Maximum return: 590.00
Average steps until first non-zero reward: 56.75

Frame complexity analysis:
entropy: 1.8851 +/- 0.0104
edge_ratio: 0.1568 +/- 0.0015
compression_ratio: 5.7957 +/- 0.5367
ssim: 0.9859 +/- 0.0083
feature_count: 84.6418 +/- 2.8968