Analyzing data for game: Pong
Total steps analyzed: 5000000
Number of trajectories: 2333
Visualizing a random game state:

Action space analysis:
Total actions: 5000000
Unique actions: [0, 1, 2, 3, 4, 5]
Number of unique actions: 6

Action frequency breakdown:
Action 0: 718662 times (14.37%)
Action 1: 785075 times (15.70%)
Action 2: 760286 times (15.21%)
Action 3: 953280 times (19.07%)
Action 4: 730168 times (14.60%)
Action 5: 1052529 times (21.05%)

Action distribution entropy: 2.5692
Max possible entropy: 2.5850
Normalized entropy: 0.9939

Reward sequence analysis:
Average trajectory length: 2142.59
Average total reward per trajectory: 17.33
Average steps until first non-zero reward: 118.79