Analyzing data for game: ChopperCommand
Total steps analyzed: 5000000
Number of trajectories: 6673
Visualizing a random game state:

Action space analysis:
Total actions: 5000000
Unique actions: [0, 1, 2, 3, 4, 5, 6, 7, 8, 9, 10, 11, 12, 13, 14, 15, 16, 17]
Number of unique actions: 18

Action frequency breakdown:
Action 0: 212389 times (4.25%)
Action 1: 230145 times (4.60%)
Action 2: 273160 times (5.46%)
Action 3: 196272 times (3.93%)
Action 4: 158522 times (3.17%)
Action 5: 245591 times (4.91%)
Action 6: 356840 times (7.14%)
Action 7: 230912 times (4.62%)
Action 8: 271698 times (5.43%)
Action 9: 211525 times (4.23%)
Action 10: 388616 times (7.77%)
Action 11: 243720 times (4.87%)
Action 12: 197284 times (3.95%)
Action 13: 370581 times (7.41%)
Action 14: 430393 times (8.61%)
Action 15: 301201 times (6.02%)
Action 16: 381939 times (7.64%)
Action 17: 299212 times (5.98%)

Action distribution entropy: 4.1164
Max possible entropy: 4.1699
Normalized entropy: 0.9872

Reward sequence analysis:
Average trajectory length: 749.26
Average total reward per trajectory: 13.36
Maximum return: 70.00
Average steps until first non-zero reward: 66.75