Analyzing data for game: Alien
Total steps analyzed: 5000000
Number of trajectories: 5619
Visualizing a random game state:

Action space analysis:
Total actions: 5000000
Unique actions: [0, 1, 2, 3, 4, 5, 6, 7, 8, 9, 10, 11, 12, 13, 14, 15, 16, 17]
Number of unique actions: 18

Action frequency breakdown:
Action 0: 253449 times (5.07%)
Action 1: 272044 times (5.44%)
Action 2: 245253 times (4.91%)
Action 3: 246934 times (4.94%)
Action 4: 257149 times (5.14%)
Action 5: 280801 times (5.62%)
Action 6: 234406 times (4.69%)
Action 7: 256393 times (5.13%)
Action 8: 255365 times (5.11%)
Action 9: 259992 times (5.20%)
Action 10: 262033 times (5.24%)
Action 11: 289045 times (5.78%)
Action 12: 328094 times (6.56%)
Action 13: 343605 times (6.87%)
Action 14: 250309 times (5.01%)
Action 15: 307425 times (6.15%)
Action 16: 312865 times (6.26%)
Action 17: 344838 times (6.90%)

Action distribution entropy: 4.1594
Max possible entropy: 4.1699
Normalized entropy: 0.9975

Reward sequence analysis:
Average trajectory length: 889.74
Average total reward per trajectory: 105.48
Maximum return: 213.00
Average steps until first non-zero reward: 22.42