Analyzing data for game: BattleZone
Total steps analyzed: 5000000
Number of trajectories: 2265
Visualizing a random game state:

Action space analysis:
Total actions: 5000000
Unique actions: [0, 1, 2, 3, 4, 5, 6, 7, 8, 9, 10, 11, 12, 13, 14, 15, 16, 17]
Number of unique actions: 18

Action frequency breakdown:
Action 0: 288506 times (5.77%)
Action 1: 376031 times (7.52%)
Action 2: 302933 times (6.06%)
Action 3: 202085 times (4.04%)
Action 4: 259482 times (5.19%)
Action 5: 365537 times (7.31%)
Action 6: 235521 times (4.71%)
Action 7: 240142 times (4.80%)
Action 8: 217125 times (4.34%)
Action 9: 280725 times (5.61%)
Action 10: 390102 times (7.80%)
Action 11: 226151 times (4.52%)
Action 12: 236419 times (4.73%)
Action 13: 487212 times (9.74%)
Action 14: 208410 times (4.17%)
Action 15: 229532 times (4.59%)
Action 16: 215925 times (4.32%)
Action 17: 238162 times (4.76%)

Action distribution entropy: 4.1203
Max possible entropy: 4.1699
Normalized entropy: 0.9881

Reward sequence analysis:
Average trajectory length: 2207.16
Average total reward per trajectory: 14.37
Maximum return: 32.00
Average steps until first non-zero reward: 218.78