(ssm2) ➜  atari git:(main) ✗ zsh run_atari_2.sh     
2024-06-14 11:47:15.498546: I tensorflow/core/util/port.cc:113] oneDNN custom operations are on. You may see slightly different numerical results due to floating-point round-off errors from different computation orders. To turn them off, set the environment variable `TF_ENABLE_ONEDNN_OPTS=0`.
2024-06-14 11:47:15.741196: I tensorflow/core/platform/cpu_feature_guard.cc:210] This TensorFlow binary is optimized to use available CPU instructions in performance-critical operations.
To enable the following instructions: AVX2 AVX_VNNI FMA, in other operations, rebuild TensorFlow with the appropriate compiler flags.
2024-06-14 11:47:16.739582: W tensorflow/compiler/tf2tensorrt/utils/py_utils.cc:38] TF-TRT Warning: Could not find TensorRT
06/14/2024 11:47:18 - INFO - absl -   Creating a OutOfGraphReplayBuffer replay memory with the following parameters:
06/14/2024 11:47:18 - INFO - absl -   	 observation_shape: (84, 84)
06/14/2024 11:47:18 - INFO - absl -   	 observation_dtype: <class 'numpy.uint8'>
06/14/2024 11:47:18 - INFO - absl -   	 terminal_dtype: <class 'numpy.uint8'>
06/14/2024 11:47:18 - INFO - absl -   	 stack_size: 4
06/14/2024 11:47:18 - INFO - absl -   	 replay_capacity: 100000
06/14/2024 11:47:18 - INFO - absl -   	 batch_size: 32
06/14/2024 11:47:18 - INFO - absl -   	 update_horizon: 1
06/14/2024 11:47:18 - INFO - absl -   	 gamma: 0.990000
06/14/2024 11:47:18 - INFO - absl -   	 checkpoint_duration: 4
06/14/2024 11:47:18 - INFO - absl -   	 keep_every: None
06/14/2024 11:47:18 - WARNING - absl -   Unable to find episode_end_indices. This is expected for old checkpoints.
INFO:tensorflow:Loaded replay buffer ckpt 45 from ./data/data_atari/Pong/1/replay_logs
06/14/2024 11:47:28 - INFO - tensorflow -   Loaded replay buffer ckpt 45 from ./data/data_atari/Pong/1/replay_logs
this buffer has 21022 loaded transitions and there are now 21022 transitions total divided into 10 trajectories
06/14/2024 11:47:31 - INFO - absl -   Creating a OutOfGraphReplayBuffer replay memory with the following parameters:
06/14/2024 11:47:31 - INFO - absl -   	 observation_shape: (84, 84)
06/14/2024 11:47:31 - INFO - absl -   	 observation_dtype: <class 'numpy.uint8'>
06/14/2024 11:47:31 - INFO - absl -   	 terminal_dtype: <class 'numpy.uint8'>
06/14/2024 11:47:31 - INFO - absl -   	 stack_size: 4
06/14/2024 11:47:31 - INFO - absl -   	 replay_capacity: 100000
06/14/2024 11:47:31 - INFO - absl -   	 batch_size: 32
06/14/2024 11:47:31 - INFO - absl -   	 update_horizon: 1
06/14/2024 11:47:31 - INFO - absl -   	 gamma: 0.990000
06/14/2024 11:47:31 - INFO - absl -   	 checkpoint_duration: 4
06/14/2024 11:47:31 - INFO - absl -   	 keep_every: None
06/14/2024 11:47:31 - WARNING - absl -   Unable to find episode_end_indices. This is expected for old checkpoints.
INFO:tensorflow:Loaded replay buffer ckpt 2 from ./data/data_atari/Pong/1/replay_logs
06/14/2024 11:47:42 - INFO - tensorflow -   Loaded replay buffer ckpt 2 from ./data/data_atari/Pong/1/replay_logs
this buffer has 40466 loaded transitions and there are now 61488 transitions total divided into 20 trajectories
06/14/2024 11:47:48 - INFO - absl -   Creating a OutOfGraphReplayBuffer replay memory with the following parameters:
06/14/2024 11:47:48 - INFO - absl -   	 observation_shape: (84, 84)
06/14/2024 11:47:48 - INFO - absl -   	 observation_dtype: <class 'numpy.uint8'>
06/14/2024 11:47:48 - INFO - absl -   	 terminal_dtype: <class 'numpy.uint8'>
06/14/2024 11:47:48 - INFO - absl -   	 stack_size: 4
06/14/2024 11:47:48 - INFO - absl -   	 replay_capacity: 100000
06/14/2024 11:47:48 - INFO - absl -   	 batch_size: 32
06/14/2024 11:47:48 - INFO - absl -   	 update_horizon: 1
06/14/2024 11:47:48 - INFO - absl -   	 gamma: 0.990000
06/14/2024 11:47:48 - INFO - absl -   	 checkpoint_duration: 4
06/14/2024 11:47:48 - INFO - absl -   	 keep_every: None
06/14/2024 11:47:48 - WARNING - absl -   Unable to find episode_end_indices. This is expected for old checkpoints.
INFO:tensorflow:Loaded replay buffer ckpt 28 from ./data/data_atari/Pong/1/replay_logs
06/14/2024 11:47:58 - INFO - tensorflow -   Loaded replay buffer ckpt 28 from ./data/data_atari/Pong/1/replay_logs
this buffer has 21199 loaded transitions and there are now 82687 transitions total divided into 30 trajectories
06/14/2024 11:48:01 - INFO - absl -   Creating a OutOfGraphReplayBuffer replay memory with the following parameters:
06/14/2024 11:48:01 - INFO - absl -   	 observation_shape: (84, 84)
06/14/2024 11:48:01 - INFO - absl -   	 observation_dtype: <class 'numpy.uint8'>
06/14/2024 11:48:01 - INFO - absl -   	 terminal_dtype: <class 'numpy.uint8'>
06/14/2024 11:48:01 - INFO - absl -   	 stack_size: 4
06/14/2024 11:48:01 - INFO - absl -   	 replay_capacity: 100000
06/14/2024 11:48:01 - INFO - absl -   	 batch_size: 32
06/14/2024 11:48:01 - INFO - absl -   	 update_horizon: 1
06/14/2024 11:48:01 - INFO - absl -   	 gamma: 0.990000
06/14/2024 11:48:01 - INFO - absl -   	 checkpoint_duration: 4
06/14/2024 11:48:01 - INFO - absl -   	 keep_every: None
06/14/2024 11:48:01 - WARNING - absl -   Unable to find episode_end_indices. This is expected for old checkpoints.
INFO:tensorflow:Loaded replay buffer ckpt 34 from ./data/data_atari/Pong/1/replay_logs
06/14/2024 11:48:12 - INFO - tensorflow -   Loaded replay buffer ckpt 34 from ./data/data_atari/Pong/1/replay_logs
this buffer has 22967 loaded transitions and there are now 105654 transitions total divided into 40 trajectories
06/14/2024 11:48:15 - INFO - absl -   Creating a OutOfGraphReplayBuffer replay memory with the following parameters:
06/14/2024 11:48:15 - INFO - absl -   	 observation_shape: (84, 84)
06/14/2024 11:48:15 - INFO - absl -   	 observation_dtype: <class 'numpy.uint8'>
06/14/2024 11:48:15 - INFO - absl -   	 terminal_dtype: <class 'numpy.uint8'>
06/14/2024 11:48:15 - INFO - absl -   	 stack_size: 4
06/14/2024 11:48:15 - INFO - absl -   	 replay_capacity: 100000
06/14/2024 11:48:15 - INFO - absl -   	 batch_size: 32
06/14/2024 11:48:15 - INFO - absl -   	 update_horizon: 1
06/14/2024 11:48:15 - INFO - absl -   	 gamma: 0.990000
06/14/2024 11:48:15 - INFO - absl -   	 checkpoint_duration: 4
06/14/2024 11:48:15 - INFO - absl -   	 keep_every: None
06/14/2024 11:48:15 - WARNING - absl -   Unable to find episode_end_indices. This is expected for old checkpoints.
INFO:tensorflow:Loaded replay buffer ckpt 38 from ./data/data_atari/Pong/1/replay_logs
06/14/2024 11:48:26 - INFO - tensorflow -   Loaded replay buffer ckpt 38 from ./data/data_atari/Pong/1/replay_logs
this buffer has 20533 loaded transitions and there are now 126187 transitions total divided into 50 trajectories
06/14/2024 11:48:29 - INFO - absl -   Creating a OutOfGraphReplayBuffer replay memory with the following parameters:
06/14/2024 11:48:29 - INFO - absl -   	 observation_shape: (84, 84)
06/14/2024 11:48:29 - INFO - absl -   	 observation_dtype: <class 'numpy.uint8'>
06/14/2024 11:48:29 - INFO - absl -   	 terminal_dtype: <class 'numpy.uint8'>
06/14/2024 11:48:29 - INFO - absl -   	 stack_size: 4
06/14/2024 11:48:29 - INFO - absl -   	 replay_capacity: 100000
06/14/2024 11:48:29 - INFO - absl -   	 batch_size: 32
06/14/2024 11:48:29 - INFO - absl -   	 update_horizon: 1
06/14/2024 11:48:29 - INFO - absl -   	 gamma: 0.990000
06/14/2024 11:48:29 - INFO - absl -   	 checkpoint_duration: 4
06/14/2024 11:48:29 - INFO - absl -   	 keep_every: None
06/14/2024 11:48:29 - WARNING - absl -   Unable to find episode_end_indices. This is expected for old checkpoints.
INFO:tensorflow:Loaded replay buffer ckpt 17 from ./data/data_atari/Pong/1/replay_logs
06/14/2024 11:48:39 - INFO - tensorflow -   Loaded replay buffer ckpt 17 from ./data/data_atari/Pong/1/replay_logs
this buffer has 21472 loaded transitions and there are now 147659 transitions total divided into 60 trajectories
06/14/2024 11:48:42 - INFO - absl -   Creating a OutOfGraphReplayBuffer replay memory with the following parameters:
06/14/2024 11:48:42 - INFO - absl -   	 observation_shape: (84, 84)
06/14/2024 11:48:42 - INFO - absl -   	 observation_dtype: <class 'numpy.uint8'>
06/14/2024 11:48:42 - INFO - absl -   	 terminal_dtype: <class 'numpy.uint8'>
06/14/2024 11:48:42 - INFO - absl -   	 stack_size: 4
06/14/2024 11:48:42 - INFO - absl -   	 replay_capacity: 100000
06/14/2024 11:48:42 - INFO - absl -   	 batch_size: 32
06/14/2024 11:48:42 - INFO - absl -   	 update_horizon: 1
06/14/2024 11:48:42 - INFO - absl -   	 gamma: 0.990000
06/14/2024 11:48:42 - INFO - absl -   	 checkpoint_duration: 4
06/14/2024 11:48:42 - INFO - absl -   	 keep_every: None
06/14/2024 11:48:42 - WARNING - absl -   Unable to find episode_end_indices. This is expected for old checkpoints.
INFO:tensorflow:Loaded replay buffer ckpt 19 from ./data/data_atari/Pong/1/replay_logs
06/14/2024 11:48:53 - INFO - tensorflow -   Loaded replay buffer ckpt 19 from ./data/data_atari/Pong/1/replay_logs
this buffer has 22374 loaded transitions and there are now 170033 transitions total divided into 70 trajectories
06/14/2024 11:48:56 - INFO - absl -   Creating a OutOfGraphReplayBuffer replay memory with the following parameters:
06/14/2024 11:48:56 - INFO - absl -   	 observation_shape: (84, 84)
06/14/2024 11:48:56 - INFO - absl -   	 observation_dtype: <class 'numpy.uint8'>
06/14/2024 11:48:56 - INFO - absl -   	 terminal_dtype: <class 'numpy.uint8'>
06/14/2024 11:48:56 - INFO - absl -   	 stack_size: 4
06/14/2024 11:48:56 - INFO - absl -   	 replay_capacity: 100000
06/14/2024 11:48:56 - INFO - absl -   	 batch_size: 32
06/14/2024 11:48:56 - INFO - absl -   	 update_horizon: 1
06/14/2024 11:48:56 - INFO - absl -   	 gamma: 0.990000
06/14/2024 11:48:56 - INFO - absl -   	 checkpoint_duration: 4
06/14/2024 11:48:56 - INFO - absl -   	 keep_every: None
06/14/2024 11:48:56 - WARNING - absl -   Unable to find episode_end_indices. This is expected for old checkpoints.
INFO:tensorflow:Loaded replay buffer ckpt 42 from ./data/data_atari/Pong/1/replay_logs
06/14/2024 11:49:07 - INFO - tensorflow -   Loaded replay buffer ckpt 42 from ./data/data_atari/Pong/1/replay_logs
this buffer has 22390 loaded transitions and there are now 192423 transitions total divided into 80 trajectories
06/14/2024 11:49:10 - INFO - absl -   Creating a OutOfGraphReplayBuffer replay memory with the following parameters:
06/14/2024 11:49:10 - INFO - absl -   	 observation_shape: (84, 84)
06/14/2024 11:49:10 - INFO - absl -   	 observation_dtype: <class 'numpy.uint8'>
06/14/2024 11:49:10 - INFO - absl -   	 terminal_dtype: <class 'numpy.uint8'>
06/14/2024 11:49:10 - INFO - absl -   	 stack_size: 4
06/14/2024 11:49:10 - INFO - absl -   	 replay_capacity: 100000
06/14/2024 11:49:10 - INFO - absl -   	 batch_size: 32
06/14/2024 11:49:10 - INFO - absl -   	 update_horizon: 1
06/14/2024 11:49:10 - INFO - absl -   	 gamma: 0.990000
06/14/2024 11:49:10 - INFO - absl -   	 checkpoint_duration: 4
06/14/2024 11:49:10 - INFO - absl -   	 keep_every: None
06/14/2024 11:49:10 - WARNING - absl -   Unable to find episode_end_indices. This is expected for old checkpoints.
INFO:tensorflow:Loaded replay buffer ckpt 22 from ./data/data_atari/Pong/1/replay_logs
06/14/2024 11:49:20 - INFO - tensorflow -   Loaded replay buffer ckpt 22 from ./data/data_atari/Pong/1/replay_logs
this buffer has 21111 loaded transitions and there are now 213534 transitions total divided into 90 trajectories
06/14/2024 11:49:23 - INFO - absl -   Creating a OutOfGraphReplayBuffer replay memory with the following parameters:
06/14/2024 11:49:23 - INFO - absl -   	 observation_shape: (84, 84)
06/14/2024 11:49:23 - INFO - absl -   	 observation_dtype: <class 'numpy.uint8'>
06/14/2024 11:49:23 - INFO - absl -   	 terminal_dtype: <class 'numpy.uint8'>
06/14/2024 11:49:23 - INFO - absl -   	 stack_size: 4
06/14/2024 11:49:23 - INFO - absl -   	 replay_capacity: 100000
06/14/2024 11:49:23 - INFO - absl -   	 batch_size: 32
06/14/2024 11:49:23 - INFO - absl -   	 update_horizon: 1
06/14/2024 11:49:23 - INFO - absl -   	 gamma: 0.990000
06/14/2024 11:49:23 - INFO - absl -   	 checkpoint_duration: 4
06/14/2024 11:49:23 - INFO - absl -   	 keep_every: None
06/14/2024 11:49:23 - WARNING - absl -   Unable to find episode_end_indices. This is expected for old checkpoints.
INFO:tensorflow:Loaded replay buffer ckpt 33 from ./data/data_atari/Pong/1/replay_logs
06/14/2024 11:49:34 - INFO - tensorflow -   Loaded replay buffer ckpt 33 from ./data/data_atari/Pong/1/replay_logs
this buffer has 22594 loaded transitions and there are now 236128 transitions total divided into 100 trajectories
06/14/2024 11:49:37 - INFO - absl -   Creating a OutOfGraphReplayBuffer replay memory with the following parameters:
06/14/2024 11:49:37 - INFO - absl -   	 observation_shape: (84, 84)
06/14/2024 11:49:37 - INFO - absl -   	 observation_dtype: <class 'numpy.uint8'>
06/14/2024 11:49:37 - INFO - absl -   	 terminal_dtype: <class 'numpy.uint8'>
06/14/2024 11:49:37 - INFO - absl -   	 stack_size: 4
06/14/2024 11:49:37 - INFO - absl -   	 replay_capacity: 100000
06/14/2024 11:49:37 - INFO - absl -   	 batch_size: 32
06/14/2024 11:49:37 - INFO - absl -   	 update_horizon: 1
06/14/2024 11:49:37 - INFO - absl -   	 gamma: 0.990000
06/14/2024 11:49:37 - INFO - absl -   	 checkpoint_duration: 4
06/14/2024 11:49:37 - INFO - absl -   	 keep_every: None
06/14/2024 11:49:37 - WARNING - absl -   Unable to find episode_end_indices. This is expected for old checkpoints.
INFO:tensorflow:Loaded replay buffer ckpt 32 from ./data/data_atari/Pong/1/replay_logs
06/14/2024 11:49:48 - INFO - tensorflow -   Loaded replay buffer ckpt 32 from ./data/data_atari/Pong/1/replay_logs
this buffer has 21601 loaded transitions and there are now 257729 transitions total divided into 110 trajectories
06/14/2024 11:49:52 - INFO - absl -   Creating a OutOfGraphReplayBuffer replay memory with the following parameters:
06/14/2024 11:49:52 - INFO - absl -   	 observation_shape: (84, 84)
06/14/2024 11:49:52 - INFO - absl -   	 observation_dtype: <class 'numpy.uint8'>
06/14/2024 11:49:52 - INFO - absl -   	 terminal_dtype: <class 'numpy.uint8'>
06/14/2024 11:49:52 - INFO - absl -   	 stack_size: 4
06/14/2024 11:49:52 - INFO - absl -   	 replay_capacity: 100000
06/14/2024 11:49:52 - INFO - absl -   	 batch_size: 32
06/14/2024 11:49:52 - INFO - absl -   	 update_horizon: 1
06/14/2024 11:49:52 - INFO - absl -   	 gamma: 0.990000
06/14/2024 11:49:52 - INFO - absl -   	 checkpoint_duration: 4
06/14/2024 11:49:52 - INFO - absl -   	 keep_every: None
06/14/2024 11:49:52 - WARNING - absl -   Unable to find episode_end_indices. This is expected for old checkpoints.
INFO:tensorflow:Loaded replay buffer ckpt 49 from ./data/data_atari/Pong/1/replay_logs
06/14/2024 11:50:03 - INFO - tensorflow -   Loaded replay buffer ckpt 49 from ./data/data_atari/Pong/1/replay_logs
this buffer has 20917 loaded transitions and there are now 278646 transitions total divided into 120 trajectories
06/14/2024 11:50:06 - INFO - absl -   Creating a OutOfGraphReplayBuffer replay memory with the following parameters:
06/14/2024 11:50:06 - INFO - absl -   	 observation_shape: (84, 84)
06/14/2024 11:50:06 - INFO - absl -   	 observation_dtype: <class 'numpy.uint8'>
06/14/2024 11:50:06 - INFO - absl -   	 terminal_dtype: <class 'numpy.uint8'>
06/14/2024 11:50:06 - INFO - absl -   	 stack_size: 4
06/14/2024 11:50:06 - INFO - absl -   	 replay_capacity: 100000
06/14/2024 11:50:06 - INFO - absl -   	 batch_size: 32
06/14/2024 11:50:06 - INFO - absl -   	 update_horizon: 1
06/14/2024 11:50:06 - INFO - absl -   	 gamma: 0.990000
06/14/2024 11:50:06 - INFO - absl -   	 checkpoint_duration: 4
06/14/2024 11:50:06 - INFO - absl -   	 keep_every: None
06/14/2024 11:50:06 - WARNING - absl -   Unable to find episode_end_indices. This is expected for old checkpoints.
INFO:tensorflow:Loaded replay buffer ckpt 47 from ./data/data_atari/Pong/1/replay_logs
06/14/2024 11:50:17 - INFO - tensorflow -   Loaded replay buffer ckpt 47 from ./data/data_atari/Pong/1/replay_logs
this buffer has 22863 loaded transitions and there are now 301509 transitions total divided into 130 trajectories
06/14/2024 11:50:20 - INFO - absl -   Creating a OutOfGraphReplayBuffer replay memory with the following parameters:
06/14/2024 11:50:20 - INFO - absl -   	 observation_shape: (84, 84)
06/14/2024 11:50:20 - INFO - absl -   	 observation_dtype: <class 'numpy.uint8'>
06/14/2024 11:50:20 - INFO - absl -   	 terminal_dtype: <class 'numpy.uint8'>
06/14/2024 11:50:20 - INFO - absl -   	 stack_size: 4
06/14/2024 11:50:20 - INFO - absl -   	 replay_capacity: 100000
06/14/2024 11:50:20 - INFO - absl -   	 batch_size: 32
06/14/2024 11:50:20 - INFO - absl -   	 update_horizon: 1
06/14/2024 11:50:20 - INFO - absl -   	 gamma: 0.990000
06/14/2024 11:50:20 - INFO - absl -   	 checkpoint_duration: 4
06/14/2024 11:50:20 - INFO - absl -   	 keep_every: None
06/14/2024 11:50:20 - WARNING - absl -   Unable to find episode_end_indices. This is expected for old checkpoints.
INFO:tensorflow:Loaded replay buffer ckpt 9 from ./data/data_atari/Pong/1/replay_logs
06/14/2024 11:50:31 - INFO - tensorflow -   Loaded replay buffer ckpt 9 from ./data/data_atari/Pong/1/replay_logs
this buffer has 23485 loaded transitions and there are now 324994 transitions total divided into 140 trajectories
06/14/2024 11:50:35 - INFO - absl -   Creating a OutOfGraphReplayBuffer replay memory with the following parameters:
06/14/2024 11:50:35 - INFO - absl -   	 observation_shape: (84, 84)
06/14/2024 11:50:35 - INFO - absl -   	 observation_dtype: <class 'numpy.uint8'>
06/14/2024 11:50:35 - INFO - absl -   	 terminal_dtype: <class 'numpy.uint8'>
06/14/2024 11:50:35 - INFO - absl -   	 stack_size: 4
06/14/2024 11:50:35 - INFO - absl -   	 replay_capacity: 100000
06/14/2024 11:50:35 - INFO - absl -   	 batch_size: 32
06/14/2024 11:50:35 - INFO - absl -   	 update_horizon: 1
06/14/2024 11:50:35 - INFO - absl -   	 gamma: 0.990000
06/14/2024 11:50:35 - INFO - absl -   	 checkpoint_duration: 4
06/14/2024 11:50:35 - INFO - absl -   	 keep_every: None
06/14/2024 11:50:35 - WARNING - absl -   Unable to find episode_end_indices. This is expected for old checkpoints.
INFO:tensorflow:Loaded replay buffer ckpt 32 from ./data/data_atari/Pong/1/replay_logs
06/14/2024 11:50:46 - INFO - tensorflow -   Loaded replay buffer ckpt 32 from ./data/data_atari/Pong/1/replay_logs
this buffer has 44318 loaded transitions and there are now 347711 transitions total divided into 150 trajectories
06/14/2024 11:50:49 - INFO - absl -   Creating a OutOfGraphReplayBuffer replay memory with the following parameters:
06/14/2024 11:50:49 - INFO - absl -   	 observation_shape: (84, 84)
06/14/2024 11:50:49 - INFO - absl -   	 observation_dtype: <class 'numpy.uint8'>
06/14/2024 11:50:49 - INFO - absl -   	 terminal_dtype: <class 'numpy.uint8'>
06/14/2024 11:50:49 - INFO - absl -   	 stack_size: 4
06/14/2024 11:50:49 - INFO - absl -   	 replay_capacity: 100000
06/14/2024 11:50:49 - INFO - absl -   	 batch_size: 32
06/14/2024 11:50:49 - INFO - absl -   	 update_horizon: 1
06/14/2024 11:50:49 - INFO - absl -   	 gamma: 0.990000
06/14/2024 11:50:49 - INFO - absl -   	 checkpoint_duration: 4
06/14/2024 11:50:49 - INFO - absl -   	 keep_every: None
06/14/2024 11:50:49 - WARNING - absl -   Unable to find episode_end_indices. This is expected for old checkpoints.
INFO:tensorflow:Loaded replay buffer ckpt 46 from ./data/data_atari/Pong/1/replay_logs
06/14/2024 11:51:01 - INFO - tensorflow -   Loaded replay buffer ckpt 46 from ./data/data_atari/Pong/1/replay_logs
this buffer has 21500 loaded transitions and there are now 369211 transitions total divided into 160 trajectories
06/14/2024 11:51:04 - INFO - absl -   Creating a OutOfGraphReplayBuffer replay memory with the following parameters:
06/14/2024 11:51:04 - INFO - absl -   	 observation_shape: (84, 84)
06/14/2024 11:51:04 - INFO - absl -   	 observation_dtype: <class 'numpy.uint8'>
06/14/2024 11:51:04 - INFO - absl -   	 terminal_dtype: <class 'numpy.uint8'>
06/14/2024 11:51:04 - INFO - absl -   	 stack_size: 4
06/14/2024 11:51:04 - INFO - absl -   	 replay_capacity: 100000
06/14/2024 11:51:04 - INFO - absl -   	 batch_size: 32
06/14/2024 11:51:04 - INFO - absl -   	 update_horizon: 1
06/14/2024 11:51:04 - INFO - absl -   	 gamma: 0.990000
06/14/2024 11:51:04 - INFO - absl -   	 checkpoint_duration: 4
06/14/2024 11:51:04 - INFO - absl -   	 keep_every: None
06/14/2024 11:51:04 - WARNING - absl -   Unable to find episode_end_indices. This is expected for old checkpoints.
INFO:tensorflow:Loaded replay buffer ckpt 32 from ./data/data_atari/Pong/1/replay_logs
06/14/2024 11:51:15 - INFO - tensorflow -   Loaded replay buffer ckpt 32 from ./data/data_atari/Pong/1/replay_logs
this buffer has 66315 loaded transitions and there are now 391208 transitions total divided into 170 trajectories
06/14/2024 11:51:18 - INFO - absl -   Creating a OutOfGraphReplayBuffer replay memory with the following parameters:
06/14/2024 11:51:18 - INFO - absl -   	 observation_shape: (84, 84)
06/14/2024 11:51:18 - INFO - absl -   	 observation_dtype: <class 'numpy.uint8'>
06/14/2024 11:51:18 - INFO - absl -   	 terminal_dtype: <class 'numpy.uint8'>
06/14/2024 11:51:18 - INFO - absl -   	 stack_size: 4
06/14/2024 11:51:18 - INFO - absl -   	 replay_capacity: 100000
06/14/2024 11:51:18 - INFO - absl -   	 batch_size: 32
06/14/2024 11:51:18 - INFO - absl -   	 update_horizon: 1
06/14/2024 11:51:18 - INFO - absl -   	 gamma: 0.990000
06/14/2024 11:51:18 - INFO - absl -   	 checkpoint_duration: 4
06/14/2024 11:51:18 - INFO - absl -   	 keep_every: None
06/14/2024 11:51:18 - WARNING - absl -   Unable to find episode_end_indices. This is expected for old checkpoints.
INFO:tensorflow:Loaded replay buffer ckpt 47 from ./data/data_atari/Pong/1/replay_logs
06/14/2024 11:51:30 - INFO - tensorflow -   Loaded replay buffer ckpt 47 from ./data/data_atari/Pong/1/replay_logs
this buffer has 44755 loaded transitions and there are now 413100 transitions total divided into 180 trajectories
06/14/2024 11:51:33 - INFO - absl -   Creating a OutOfGraphReplayBuffer replay memory with the following parameters:
06/14/2024 11:51:33 - INFO - absl -   	 observation_shape: (84, 84)
06/14/2024 11:51:33 - INFO - absl -   	 observation_dtype: <class 'numpy.uint8'>
06/14/2024 11:51:33 - INFO - absl -   	 terminal_dtype: <class 'numpy.uint8'>
06/14/2024 11:51:33 - INFO - absl -   	 stack_size: 4
06/14/2024 11:51:33 - INFO - absl -   	 replay_capacity: 100000
06/14/2024 11:51:33 - INFO - absl -   	 batch_size: 32
06/14/2024 11:51:33 - INFO - absl -   	 update_horizon: 1
06/14/2024 11:51:33 - INFO - absl -   	 gamma: 0.990000
06/14/2024 11:51:33 - INFO - absl -   	 checkpoint_duration: 4
06/14/2024 11:51:33 - INFO - absl -   	 keep_every: None
06/14/2024 11:51:33 - WARNING - absl -   Unable to find episode_end_indices. This is expected for old checkpoints.
INFO:tensorflow:Loaded replay buffer ckpt 25 from ./data/data_atari/Pong/1/replay_logs
06/14/2024 11:51:44 - INFO - tensorflow -   Loaded replay buffer ckpt 25 from ./data/data_atari/Pong/1/replay_logs
this buffer has 20987 loaded transitions and there are now 434087 transitions total divided into 190 trajectories
06/14/2024 11:51:47 - INFO - absl -   Creating a OutOfGraphReplayBuffer replay memory with the following parameters:
06/14/2024 11:51:47 - INFO - absl -   	 observation_shape: (84, 84)
06/14/2024 11:51:47 - INFO - absl -   	 observation_dtype: <class 'numpy.uint8'>
06/14/2024 11:51:47 - INFO - absl -   	 terminal_dtype: <class 'numpy.uint8'>
06/14/2024 11:51:47 - INFO - absl -   	 stack_size: 4
06/14/2024 11:51:47 - INFO - absl -   	 replay_capacity: 100000
06/14/2024 11:51:47 - INFO - absl -   	 batch_size: 32
06/14/2024 11:51:47 - INFO - absl -   	 update_horizon: 1
06/14/2024 11:51:47 - INFO - absl -   	 gamma: 0.990000
06/14/2024 11:51:47 - INFO - absl -   	 checkpoint_duration: 4
06/14/2024 11:51:47 - INFO - absl -   	 keep_every: None
06/14/2024 11:51:47 - WARNING - absl -   Unable to find episode_end_indices. This is expected for old checkpoints.
INFO:tensorflow:Loaded replay buffer ckpt 19 from ./data/data_atari/Pong/1/replay_logs
06/14/2024 11:51:58 - INFO - tensorflow -   Loaded replay buffer ckpt 19 from ./data/data_atari/Pong/1/replay_logs
this buffer has 43736 loaded transitions and there are now 455449 transitions total divided into 200 trajectories
06/14/2024 11:52:01 - INFO - absl -   Creating a OutOfGraphReplayBuffer replay memory with the following parameters:
06/14/2024 11:52:01 - INFO - absl -   	 observation_shape: (84, 84)
06/14/2024 11:52:01 - INFO - absl -   	 observation_dtype: <class 'numpy.uint8'>
06/14/2024 11:52:01 - INFO - absl -   	 terminal_dtype: <class 'numpy.uint8'>
06/14/2024 11:52:01 - INFO - absl -   	 stack_size: 4
06/14/2024 11:52:01 - INFO - absl -   	 replay_capacity: 100000
06/14/2024 11:52:01 - INFO - absl -   	 batch_size: 32
06/14/2024 11:52:01 - INFO - absl -   	 update_horizon: 1
06/14/2024 11:52:01 - INFO - absl -   	 gamma: 0.990000
06/14/2024 11:52:01 - INFO - absl -   	 checkpoint_duration: 4
06/14/2024 11:52:01 - INFO - absl -   	 keep_every: None
06/14/2024 11:52:01 - WARNING - absl -   Unable to find episode_end_indices. This is expected for old checkpoints.
INFO:tensorflow:Loaded replay buffer ckpt 14 from ./data/data_atari/Pong/1/replay_logs
06/14/2024 11:52:13 - INFO - tensorflow -   Loaded replay buffer ckpt 14 from ./data/data_atari/Pong/1/replay_logs
this buffer has 21287 loaded transitions and there are now 476736 transitions total divided into 210 trajectories
06/14/2024 11:52:16 - INFO - absl -   Creating a OutOfGraphReplayBuffer replay memory with the following parameters:
06/14/2024 11:52:16 - INFO - absl -   	 observation_shape: (84, 84)
06/14/2024 11:52:16 - INFO - absl -   	 observation_dtype: <class 'numpy.uint8'>
06/14/2024 11:52:16 - INFO - absl -   	 terminal_dtype: <class 'numpy.uint8'>
06/14/2024 11:52:16 - INFO - absl -   	 stack_size: 4
06/14/2024 11:52:16 - INFO - absl -   	 replay_capacity: 100000
06/14/2024 11:52:16 - INFO - absl -   	 batch_size: 32
06/14/2024 11:52:16 - INFO - absl -   	 update_horizon: 1
06/14/2024 11:52:16 - INFO - absl -   	 gamma: 0.990000
06/14/2024 11:52:16 - INFO - absl -   	 checkpoint_duration: 4
06/14/2024 11:52:16 - INFO - absl -   	 keep_every: None
06/14/2024 11:52:16 - WARNING - absl -   Unable to find episode_end_indices. This is expected for old checkpoints.
INFO:tensorflow:Loaded replay buffer ckpt 36 from ./data/data_atari/Pong/1/replay_logs
06/14/2024 11:52:27 - INFO - tensorflow -   Loaded replay buffer ckpt 36 from ./data/data_atari/Pong/1/replay_logs
this buffer has 23976 loaded transitions and there are now 500712 transitions total divided into 220 trajectories
max rtg is 21
max timestep is 4731
06/14/2024 11:53:43 - INFO - mingpt.model_atari -   number of parameters: 2119040
epoch 1 iter 1955: train loss 1.35592. lr 5.598344e-04: 100%|████████████| 1956/1956 [40:27<00:00,  1.24s/it]
06/14/2024 12:34:11 - INFO - mingpt.trainer_atari -   train loss: 1.501792
target return: 20, eval return: 3
epoch 2 iter 1955: train loss 0.98118. lr 4.500371e-04: 100%|████████████| 1956/1956 [40:47<00:00,  1.25s/it]
06/14/2024 13:24:08 - INFO - mingpt.trainer_atari -   train loss: 1.114313
target return: 20, eval return: 9
epoch 3 iter 1955: train loss 0.63999. lr 3.000321e-04: 100%|████████████| 1956/1956 [43:21<00:00,  1.33s/it]
06/14/2024 14:15:29 - INFO - mingpt.trainer_atari -   train loss: 0.742563
target return: 20, eval return: -5
epoch 4 iter 1955: train loss 0.41294. lr 1.500186e-04: 100%|████████████| 1956/1956 [45:31<00:00,  1.40s/it]
06/14/2024 15:09:41 - INFO - mingpt.trainer_atari -   train loss: 0.512699
target return: 20, eval return: 12
epoch 5 iter 1955: train loss 0.37323. lr 6.000000e-05: 100%|████████████| 1956/1956 [48:15<00:00,  1.48s/it]
06/14/2024 16:06:05 - INFO - mingpt.trainer_atari -   train loss: 0.391172
target return: 20, eval return: 3
2024-06-14 16:15:47.097135: I tensorflow/core/util/port.cc:113] oneDNN custom operations are on. You may see slightly different numerical results due to floating-point round-off errors from different computation orders. To turn them off, set the environment variable `TF_ENABLE_ONEDNN_OPTS=0`.
2024-06-14 16:15:47.360547: I tensorflow/core/platform/cpu_feature_guard.cc:210] This TensorFlow binary is optimized to use available CPU instructions in performance-critical operations.
To enable the following instructions: AVX2 AVX_VNNI FMA, in other operations, rebuild TensorFlow with the appropriate compiler flags.
2024-06-14 16:15:48.371902: W tensorflow/compiler/tf2tensorrt/utils/py_utils.cc:38] TF-TRT Warning: Could not find TensorRT
06/14/2024 16:15:49 - INFO - absl -   Creating a OutOfGraphReplayBuffer replay memory with the following parameters:
06/14/2024 16:15:49 - INFO - absl -   	 observation_shape: (84, 84)
06/14/2024 16:15:49 - INFO - absl -   	 observation_dtype: <class 'numpy.uint8'>
06/14/2024 16:15:49 - INFO - absl -   	 terminal_dtype: <class 'numpy.uint8'>
06/14/2024 16:15:49 - INFO - absl -   	 stack_size: 4
06/14/2024 16:15:49 - INFO - absl -   	 replay_capacity: 100000
06/14/2024 16:15:49 - INFO - absl -   	 batch_size: 32
06/14/2024 16:15:49 - INFO - absl -   	 update_horizon: 1
06/14/2024 16:15:49 - INFO - absl -   	 gamma: 0.990000
06/14/2024 16:15:49 - INFO - absl -   	 checkpoint_duration: 4
06/14/2024 16:15:49 - INFO - absl -   	 keep_every: None
06/14/2024 16:15:49 - WARNING - absl -   Unable to find episode_end_indices. This is expected for old checkpoints.
INFO:tensorflow:Loaded replay buffer ckpt 26 from ./data/data_atari/Pong/1/replay_logs
06/14/2024 16:16:00 - INFO - tensorflow -   Loaded replay buffer ckpt 26 from ./data/data_atari/Pong/1/replay_logs
this buffer has 20926 loaded transitions and there are now 20926 transitions total divided into 10 trajectories
06/14/2024 16:16:03 - INFO - absl -   Creating a OutOfGraphReplayBuffer replay memory with the following parameters:
06/14/2024 16:16:03 - INFO - absl -   	 observation_shape: (84, 84)
06/14/2024 16:16:03 - INFO - absl -   	 observation_dtype: <class 'numpy.uint8'>
06/14/2024 16:16:03 - INFO - absl -   	 terminal_dtype: <class 'numpy.uint8'>
06/14/2024 16:16:03 - INFO - absl -   	 stack_size: 4
06/14/2024 16:16:03 - INFO - absl -   	 replay_capacity: 100000
06/14/2024 16:16:03 - INFO - absl -   	 batch_size: 32
06/14/2024 16:16:03 - INFO - absl -   	 update_horizon: 1
06/14/2024 16:16:03 - INFO - absl -   	 gamma: 0.990000
06/14/2024 16:16:03 - INFO - absl -   	 checkpoint_duration: 4
06/14/2024 16:16:03 - INFO - absl -   	 keep_every: None
06/14/2024 16:16:03 - WARNING - absl -   Unable to find episode_end_indices. This is expected for old checkpoints.
INFO:tensorflow:Loaded replay buffer ckpt 31 from ./data/data_atari/Pong/1/replay_logs
06/14/2024 16:16:13 - INFO - tensorflow -   Loaded replay buffer ckpt 31 from ./data/data_atari/Pong/1/replay_logs
this buffer has 22867 loaded transitions and there are now 43793 transitions total divided into 20 trajectories
06/14/2024 16:16:17 - INFO - absl -   Creating a OutOfGraphReplayBuffer replay memory with the following parameters:
06/14/2024 16:16:17 - INFO - absl -   	 observation_shape: (84, 84)
06/14/2024 16:16:17 - INFO - absl -   	 observation_dtype: <class 'numpy.uint8'>
06/14/2024 16:16:17 - INFO - absl -   	 terminal_dtype: <class 'numpy.uint8'>
06/14/2024 16:16:17 - INFO - absl -   	 stack_size: 4
06/14/2024 16:16:17 - INFO - absl -   	 replay_capacity: 100000
06/14/2024 16:16:17 - INFO - absl -   	 batch_size: 32
06/14/2024 16:16:17 - INFO - absl -   	 update_horizon: 1
06/14/2024 16:16:17 - INFO - absl -   	 gamma: 0.990000
06/14/2024 16:16:17 - INFO - absl -   	 checkpoint_duration: 4
06/14/2024 16:16:17 - INFO - absl -   	 keep_every: None
06/14/2024 16:16:17 - WARNING - absl -   Unable to find episode_end_indices. This is expected for old checkpoints.
INFO:tensorflow:Loaded replay buffer ckpt 41 from ./data/data_atari/Pong/1/replay_logs
06/14/2024 16:16:27 - INFO - tensorflow -   Loaded replay buffer ckpt 41 from ./data/data_atari/Pong/1/replay_logs
this buffer has 23935 loaded transitions and there are now 67728 transitions total divided into 30 trajectories
06/14/2024 16:16:31 - INFO - absl -   Creating a OutOfGraphReplayBuffer replay memory with the following parameters:
06/14/2024 16:16:31 - INFO - absl -   	 observation_shape: (84, 84)
06/14/2024 16:16:31 - INFO - absl -   	 observation_dtype: <class 'numpy.uint8'>
06/14/2024 16:16:31 - INFO - absl -   	 terminal_dtype: <class 'numpy.uint8'>
06/14/2024 16:16:31 - INFO - absl -   	 stack_size: 4
06/14/2024 16:16:31 - INFO - absl -   	 replay_capacity: 100000
06/14/2024 16:16:31 - INFO - absl -   	 batch_size: 32
06/14/2024 16:16:31 - INFO - absl -   	 update_horizon: 1
06/14/2024 16:16:31 - INFO - absl -   	 gamma: 0.990000
06/14/2024 16:16:31 - INFO - absl -   	 checkpoint_duration: 4
06/14/2024 16:16:31 - INFO - absl -   	 keep_every: None
06/14/2024 16:16:31 - WARNING - absl -   Unable to find episode_end_indices. This is expected for old checkpoints.
INFO:tensorflow:Loaded replay buffer ckpt 8 from ./data/data_atari/Pong/1/replay_logs
06/14/2024 16:16:41 - INFO - tensorflow -   Loaded replay buffer ckpt 8 from ./data/data_atari/Pong/1/replay_logs
this buffer has 24734 loaded transitions and there are now 92462 transitions total divided into 40 trajectories
06/14/2024 16:16:45 - INFO - absl -   Creating a OutOfGraphReplayBuffer replay memory with the following parameters:
06/14/2024 16:16:45 - INFO - absl -   	 observation_shape: (84, 84)
06/14/2024 16:16:45 - INFO - absl -   	 observation_dtype: <class 'numpy.uint8'>
06/14/2024 16:16:45 - INFO - absl -   	 terminal_dtype: <class 'numpy.uint8'>
06/14/2024 16:16:45 - INFO - absl -   	 stack_size: 4
06/14/2024 16:16:45 - INFO - absl -   	 replay_capacity: 100000
06/14/2024 16:16:45 - INFO - absl -   	 batch_size: 32
06/14/2024 16:16:45 - INFO - absl -   	 update_horizon: 1
06/14/2024 16:16:45 - INFO - absl -   	 gamma: 0.990000
06/14/2024 16:16:45 - INFO - absl -   	 checkpoint_duration: 4
06/14/2024 16:16:45 - INFO - absl -   	 keep_every: None
06/14/2024 16:16:45 - WARNING - absl -   Unable to find episode_end_indices. This is expected for old checkpoints.
INFO:tensorflow:Loaded replay buffer ckpt 17 from ./data/data_atari/Pong/1/replay_logs
06/14/2024 16:16:56 - INFO - tensorflow -   Loaded replay buffer ckpt 17 from ./data/data_atari/Pong/1/replay_logs
this buffer has 21472 loaded transitions and there are now 113934 transitions total divided into 50 trajectories
06/14/2024 16:16:59 - INFO - absl -   Creating a OutOfGraphReplayBuffer replay memory with the following parameters:
06/14/2024 16:16:59 - INFO - absl -   	 observation_shape: (84, 84)
06/14/2024 16:16:59 - INFO - absl -   	 observation_dtype: <class 'numpy.uint8'>
06/14/2024 16:16:59 - INFO - absl -   	 terminal_dtype: <class 'numpy.uint8'>
06/14/2024 16:16:59 - INFO - absl -   	 stack_size: 4
06/14/2024 16:16:59 - INFO - absl -   	 replay_capacity: 100000
06/14/2024 16:16:59 - INFO - absl -   	 batch_size: 32
06/14/2024 16:16:59 - INFO - absl -   	 update_horizon: 1
06/14/2024 16:16:59 - INFO - absl -   	 gamma: 0.990000
06/14/2024 16:16:59 - INFO - absl -   	 checkpoint_duration: 4
06/14/2024 16:16:59 - INFO - absl -   	 keep_every: None
06/14/2024 16:16:59 - WARNING - absl -   Unable to find episode_end_indices. This is expected for old checkpoints.
INFO:tensorflow:Loaded replay buffer ckpt 40 from ./data/data_atari/Pong/1/replay_logs
06/14/2024 16:17:09 - INFO - tensorflow -   Loaded replay buffer ckpt 40 from ./data/data_atari/Pong/1/replay_logs
this buffer has 20985 loaded transitions and there are now 134919 transitions total divided into 60 trajectories
06/14/2024 16:17:12 - INFO - absl -   Creating a OutOfGraphReplayBuffer replay memory with the following parameters:
06/14/2024 16:17:12 - INFO - absl -   	 observation_shape: (84, 84)
06/14/2024 16:17:12 - INFO - absl -   	 observation_dtype: <class 'numpy.uint8'>
06/14/2024 16:17:12 - INFO - absl -   	 terminal_dtype: <class 'numpy.uint8'>
06/14/2024 16:17:12 - INFO - absl -   	 stack_size: 4
06/14/2024 16:17:12 - INFO - absl -   	 replay_capacity: 100000
06/14/2024 16:17:12 - INFO - absl -   	 batch_size: 32
06/14/2024 16:17:12 - INFO - absl -   	 update_horizon: 1
06/14/2024 16:17:12 - INFO - absl -   	 gamma: 0.990000
06/14/2024 16:17:12 - INFO - absl -   	 checkpoint_duration: 4
06/14/2024 16:17:12 - INFO - absl -   	 keep_every: None
06/14/2024 16:17:12 - WARNING - absl -   Unable to find episode_end_indices. This is expected for old checkpoints.
INFO:tensorflow:Loaded replay buffer ckpt 26 from ./data/data_atari/Pong/1/replay_logs
06/14/2024 16:17:23 - INFO - tensorflow -   Loaded replay buffer ckpt 26 from ./data/data_atari/Pong/1/replay_logs
this buffer has 44325 loaded transitions and there are now 158318 transitions total divided into 70 trajectories
06/14/2024 16:17:26 - INFO - absl -   Creating a OutOfGraphReplayBuffer replay memory with the following parameters:
06/14/2024 16:17:26 - INFO - absl -   	 observation_shape: (84, 84)
06/14/2024 16:17:26 - INFO - absl -   	 observation_dtype: <class 'numpy.uint8'>
06/14/2024 16:17:26 - INFO - absl -   	 terminal_dtype: <class 'numpy.uint8'>
06/14/2024 16:17:26 - INFO - absl -   	 stack_size: 4
06/14/2024 16:17:26 - INFO - absl -   	 replay_capacity: 100000
06/14/2024 16:17:26 - INFO - absl -   	 batch_size: 32
06/14/2024 16:17:26 - INFO - absl -   	 update_horizon: 1
06/14/2024 16:17:26 - INFO - absl -   	 gamma: 0.990000
06/14/2024 16:17:26 - INFO - absl -   	 checkpoint_duration: 4
06/14/2024 16:17:26 - INFO - absl -   	 keep_every: None
06/14/2024 16:17:26 - WARNING - absl -   Unable to find episode_end_indices. This is expected for old checkpoints.
INFO:tensorflow:Loaded replay buffer ckpt 24 from ./data/data_atari/Pong/1/replay_logs
06/14/2024 16:17:37 - INFO - tensorflow -   Loaded replay buffer ckpt 24 from ./data/data_atari/Pong/1/replay_logs
this buffer has 21885 loaded transitions and there are now 180203 transitions total divided into 80 trajectories
06/14/2024 16:17:40 - INFO - absl -   Creating a OutOfGraphReplayBuffer replay memory with the following parameters:
06/14/2024 16:17:40 - INFO - absl -   	 observation_shape: (84, 84)
06/14/2024 16:17:40 - INFO - absl -   	 observation_dtype: <class 'numpy.uint8'>
06/14/2024 16:17:40 - INFO - absl -   	 terminal_dtype: <class 'numpy.uint8'>
06/14/2024 16:17:40 - INFO - absl -   	 stack_size: 4
06/14/2024 16:17:40 - INFO - absl -   	 replay_capacity: 100000
06/14/2024 16:17:40 - INFO - absl -   	 batch_size: 32
06/14/2024 16:17:40 - INFO - absl -   	 update_horizon: 1
06/14/2024 16:17:40 - INFO - absl -   	 gamma: 0.990000
06/14/2024 16:17:40 - INFO - absl -   	 checkpoint_duration: 4
06/14/2024 16:17:40 - INFO - absl -   	 keep_every: None
06/14/2024 16:17:40 - WARNING - absl -   Unable to find episode_end_indices. This is expected for old checkpoints.
INFO:tensorflow:Loaded replay buffer ckpt 37 from ./data/data_atari/Pong/1/replay_logs
06/14/2024 16:17:50 - INFO - tensorflow -   Loaded replay buffer ckpt 37 from ./data/data_atari/Pong/1/replay_logs
this buffer has 22721 loaded transitions and there are now 202924 transitions total divided into 90 trajectories
06/14/2024 16:17:54 - INFO - absl -   Creating a OutOfGraphReplayBuffer replay memory with the following parameters:
06/14/2024 16:17:54 - INFO - absl -   	 observation_shape: (84, 84)
06/14/2024 16:17:54 - INFO - absl -   	 observation_dtype: <class 'numpy.uint8'>
06/14/2024 16:17:54 - INFO - absl -   	 terminal_dtype: <class 'numpy.uint8'>
06/14/2024 16:17:54 - INFO - absl -   	 stack_size: 4
06/14/2024 16:17:54 - INFO - absl -   	 replay_capacity: 100000
06/14/2024 16:17:54 - INFO - absl -   	 batch_size: 32
06/14/2024 16:17:54 - INFO - absl -   	 update_horizon: 1
06/14/2024 16:17:54 - INFO - absl -   	 gamma: 0.990000
06/14/2024 16:17:54 - INFO - absl -   	 checkpoint_duration: 4
06/14/2024 16:17:54 - INFO - absl -   	 keep_every: None
06/14/2024 16:17:54 - WARNING - absl -   Unable to find episode_end_indices. This is expected for old checkpoints.
INFO:tensorflow:Loaded replay buffer ckpt 8 from ./data/data_atari/Pong/1/replay_logs
06/14/2024 16:18:04 - INFO - tensorflow -   Loaded replay buffer ckpt 8 from ./data/data_atari/Pong/1/replay_logs
this buffer has 49143 loaded transitions and there are now 227333 transitions total divided into 100 trajectories
06/14/2024 16:18:08 - INFO - absl -   Creating a OutOfGraphReplayBuffer replay memory with the following parameters:
06/14/2024 16:18:08 - INFO - absl -   	 observation_shape: (84, 84)
06/14/2024 16:18:08 - INFO - absl -   	 observation_dtype: <class 'numpy.uint8'>
06/14/2024 16:18:08 - INFO - absl -   	 terminal_dtype: <class 'numpy.uint8'>
06/14/2024 16:18:08 - INFO - absl -   	 stack_size: 4
06/14/2024 16:18:08 - INFO - absl -   	 replay_capacity: 100000
06/14/2024 16:18:08 - INFO - absl -   	 batch_size: 32
06/14/2024 16:18:08 - INFO - absl -   	 update_horizon: 1
06/14/2024 16:18:08 - INFO - absl -   	 gamma: 0.990000
06/14/2024 16:18:08 - INFO - absl -   	 checkpoint_duration: 4
06/14/2024 16:18:08 - INFO - absl -   	 keep_every: None
06/14/2024 16:18:08 - WARNING - absl -   Unable to find episode_end_indices. This is expected for old checkpoints.
INFO:tensorflow:Loaded replay buffer ckpt 19 from ./data/data_atari/Pong/1/replay_logs
06/14/2024 16:18:19 - INFO - tensorflow -   Loaded replay buffer ckpt 19 from ./data/data_atari/Pong/1/replay_logs
this buffer has 22374 loaded transitions and there are now 249707 transitions total divided into 110 trajectories
06/14/2024 16:18:22 - INFO - absl -   Creating a OutOfGraphReplayBuffer replay memory with the following parameters:
06/14/2024 16:18:22 - INFO - absl -   	 observation_shape: (84, 84)
06/14/2024 16:18:22 - INFO - absl -   	 observation_dtype: <class 'numpy.uint8'>
06/14/2024 16:18:22 - INFO - absl -   	 terminal_dtype: <class 'numpy.uint8'>
06/14/2024 16:18:22 - INFO - absl -   	 stack_size: 4
06/14/2024 16:18:22 - INFO - absl -   	 replay_capacity: 100000
06/14/2024 16:18:22 - INFO - absl -   	 batch_size: 32
06/14/2024 16:18:22 - INFO - absl -   	 update_horizon: 1
06/14/2024 16:18:22 - INFO - absl -   	 gamma: 0.990000
06/14/2024 16:18:22 - INFO - absl -   	 checkpoint_duration: 4
06/14/2024 16:18:22 - INFO - absl -   	 keep_every: None
06/14/2024 16:18:22 - WARNING - absl -   Unable to find episode_end_indices. This is expected for old checkpoints.
INFO:tensorflow:Loaded replay buffer ckpt 21 from ./data/data_atari/Pong/1/replay_logs
06/14/2024 16:18:33 - INFO - tensorflow -   Loaded replay buffer ckpt 21 from ./data/data_atari/Pong/1/replay_logs
this buffer has 21473 loaded transitions and there are now 271180 transitions total divided into 120 trajectories
06/14/2024 16:18:36 - INFO - absl -   Creating a OutOfGraphReplayBuffer replay memory with the following parameters:
06/14/2024 16:18:36 - INFO - absl -   	 observation_shape: (84, 84)
06/14/2024 16:18:36 - INFO - absl -   	 observation_dtype: <class 'numpy.uint8'>
06/14/2024 16:18:36 - INFO - absl -   	 terminal_dtype: <class 'numpy.uint8'>
06/14/2024 16:18:36 - INFO - absl -   	 stack_size: 4
06/14/2024 16:18:36 - INFO - absl -   	 replay_capacity: 100000
06/14/2024 16:18:36 - INFO - absl -   	 batch_size: 32
06/14/2024 16:18:36 - INFO - absl -   	 update_horizon: 1
06/14/2024 16:18:36 - INFO - absl -   	 gamma: 0.990000
06/14/2024 16:18:36 - INFO - absl -   	 checkpoint_duration: 4
06/14/2024 16:18:36 - INFO - absl -   	 keep_every: None
06/14/2024 16:18:36 - WARNING - absl -   Unable to find episode_end_indices. This is expected for old checkpoints.
INFO:tensorflow:Loaded replay buffer ckpt 1 from ./data/data_atari/Pong/1/replay_logs
06/14/2024 16:18:47 - INFO - tensorflow -   Loaded replay buffer ckpt 1 from ./data/data_atari/Pong/1/replay_logs
this buffer has 24636 loaded transitions and there are now 295816 transitions total divided into 130 trajectories
06/14/2024 16:18:51 - INFO - absl -   Creating a OutOfGraphReplayBuffer replay memory with the following parameters:
06/14/2024 16:18:51 - INFO - absl -   	 observation_shape: (84, 84)
06/14/2024 16:18:51 - INFO - absl -   	 observation_dtype: <class 'numpy.uint8'>
06/14/2024 16:18:51 - INFO - absl -   	 terminal_dtype: <class 'numpy.uint8'>
06/14/2024 16:18:51 - INFO - absl -   	 stack_size: 4
06/14/2024 16:18:51 - INFO - absl -   	 replay_capacity: 100000
06/14/2024 16:18:51 - INFO - absl -   	 batch_size: 32
06/14/2024 16:18:51 - INFO - absl -   	 update_horizon: 1
06/14/2024 16:18:51 - INFO - absl -   	 gamma: 0.990000
06/14/2024 16:18:51 - INFO - absl -   	 checkpoint_duration: 4
06/14/2024 16:18:51 - INFO - absl -   	 keep_every: None
06/14/2024 16:18:51 - WARNING - absl -   Unable to find episode_end_indices. This is expected for old checkpoints.
INFO:tensorflow:Loaded replay buffer ckpt 27 from ./data/data_atari/Pong/1/replay_logs
06/14/2024 16:19:02 - INFO - tensorflow -   Loaded replay buffer ckpt 27 from ./data/data_atari/Pong/1/replay_logs
this buffer has 22163 loaded transitions and there are now 317979 transitions total divided into 140 trajectories
06/14/2024 16:19:05 - INFO - absl -   Creating a OutOfGraphReplayBuffer replay memory with the following parameters:
06/14/2024 16:19:05 - INFO - absl -   	 observation_shape: (84, 84)
06/14/2024 16:19:05 - INFO - absl -   	 observation_dtype: <class 'numpy.uint8'>
06/14/2024 16:19:05 - INFO - absl -   	 terminal_dtype: <class 'numpy.uint8'>
06/14/2024 16:19:05 - INFO - absl -   	 stack_size: 4
06/14/2024 16:19:05 - INFO - absl -   	 replay_capacity: 100000
06/14/2024 16:19:05 - INFO - absl -   	 batch_size: 32
06/14/2024 16:19:05 - INFO - absl -   	 update_horizon: 1
06/14/2024 16:19:05 - INFO - absl -   	 gamma: 0.990000
06/14/2024 16:19:05 - INFO - absl -   	 checkpoint_duration: 4
06/14/2024 16:19:05 - INFO - absl -   	 keep_every: None
06/14/2024 16:19:05 - WARNING - absl -   Unable to find episode_end_indices. This is expected for old checkpoints.
INFO:tensorflow:Loaded replay buffer ckpt 26 from ./data/data_atari/Pong/1/replay_logs
06/14/2024 16:19:16 - INFO - tensorflow -   Loaded replay buffer ckpt 26 from ./data/data_atari/Pong/1/replay_logs
this buffer has 67407 loaded transitions and there are now 341061 transitions total divided into 150 trajectories
06/14/2024 16:19:20 - INFO - absl -   Creating a OutOfGraphReplayBuffer replay memory with the following parameters:
06/14/2024 16:19:20 - INFO - absl -   	 observation_shape: (84, 84)
06/14/2024 16:19:20 - INFO - absl -   	 observation_dtype: <class 'numpy.uint8'>
06/14/2024 16:19:20 - INFO - absl -   	 terminal_dtype: <class 'numpy.uint8'>
06/14/2024 16:19:20 - INFO - absl -   	 stack_size: 4
06/14/2024 16:19:20 - INFO - absl -   	 replay_capacity: 100000
06/14/2024 16:19:20 - INFO - absl -   	 batch_size: 32
06/14/2024 16:19:20 - INFO - absl -   	 update_horizon: 1
06/14/2024 16:19:20 - INFO - absl -   	 gamma: 0.990000
06/14/2024 16:19:20 - INFO - absl -   	 checkpoint_duration: 4
06/14/2024 16:19:20 - INFO - absl -   	 keep_every: None
06/14/2024 16:19:20 - WARNING - absl -   Unable to find episode_end_indices. This is expected for old checkpoints.
INFO:tensorflow:Loaded replay buffer ckpt 13 from ./data/data_atari/Pong/1/replay_logs
06/14/2024 16:19:31 - INFO - tensorflow -   Loaded replay buffer ckpt 13 from ./data/data_atari/Pong/1/replay_logs
this buffer has 22321 loaded transitions and there are now 363382 transitions total divided into 160 trajectories
06/14/2024 16:19:34 - INFO - absl -   Creating a OutOfGraphReplayBuffer replay memory with the following parameters:
06/14/2024 16:19:34 - INFO - absl -   	 observation_shape: (84, 84)
06/14/2024 16:19:34 - INFO - absl -   	 observation_dtype: <class 'numpy.uint8'>
06/14/2024 16:19:34 - INFO - absl -   	 terminal_dtype: <class 'numpy.uint8'>
06/14/2024 16:19:34 - INFO - absl -   	 stack_size: 4
06/14/2024 16:19:34 - INFO - absl -   	 replay_capacity: 100000
06/14/2024 16:19:34 - INFO - absl -   	 batch_size: 32
06/14/2024 16:19:34 - INFO - absl -   	 update_horizon: 1
06/14/2024 16:19:34 - INFO - absl -   	 gamma: 0.990000
06/14/2024 16:19:34 - INFO - absl -   	 checkpoint_duration: 4
06/14/2024 16:19:34 - INFO - absl -   	 keep_every: None
06/14/2024 16:19:34 - WARNING - absl -   Unable to find episode_end_indices. This is expected for old checkpoints.
INFO:tensorflow:Loaded replay buffer ckpt 43 from ./data/data_atari/Pong/1/replay_logs
06/14/2024 16:19:46 - INFO - tensorflow -   Loaded replay buffer ckpt 43 from ./data/data_atari/Pong/1/replay_logs
this buffer has 20794 loaded transitions and there are now 384176 transitions total divided into 170 trajectories
06/14/2024 16:19:49 - INFO - absl -   Creating a OutOfGraphReplayBuffer replay memory with the following parameters:
06/14/2024 16:19:49 - INFO - absl -   	 observation_shape: (84, 84)
06/14/2024 16:19:49 - INFO - absl -   	 observation_dtype: <class 'numpy.uint8'>
06/14/2024 16:19:49 - INFO - absl -   	 terminal_dtype: <class 'numpy.uint8'>
06/14/2024 16:19:49 - INFO - absl -   	 stack_size: 4
06/14/2024 16:19:49 - INFO - absl -   	 replay_capacity: 100000
06/14/2024 16:19:49 - INFO - absl -   	 batch_size: 32
06/14/2024 16:19:49 - INFO - absl -   	 update_horizon: 1
06/14/2024 16:19:49 - INFO - absl -   	 gamma: 0.990000
06/14/2024 16:19:49 - INFO - absl -   	 checkpoint_duration: 4
06/14/2024 16:19:49 - INFO - absl -   	 keep_every: None
06/14/2024 16:19:49 - WARNING - absl -   Unable to find episode_end_indices. This is expected for old checkpoints.
INFO:tensorflow:Loaded replay buffer ckpt 31 from ./data/data_atari/Pong/1/replay_logs
06/14/2024 16:20:00 - INFO - tensorflow -   Loaded replay buffer ckpt 31 from ./data/data_atari/Pong/1/replay_logs
this buffer has 46765 loaded transitions and there are now 408074 transitions total divided into 180 trajectories
06/14/2024 16:20:04 - INFO - absl -   Creating a OutOfGraphReplayBuffer replay memory with the following parameters:
06/14/2024 16:20:04 - INFO - absl -   	 observation_shape: (84, 84)
06/14/2024 16:20:04 - INFO - absl -   	 observation_dtype: <class 'numpy.uint8'>
06/14/2024 16:20:04 - INFO - absl -   	 terminal_dtype: <class 'numpy.uint8'>
06/14/2024 16:20:04 - INFO - absl -   	 stack_size: 4
06/14/2024 16:20:04 - INFO - absl -   	 replay_capacity: 100000
06/14/2024 16:20:04 - INFO - absl -   	 batch_size: 32
06/14/2024 16:20:04 - INFO - absl -   	 update_horizon: 1
06/14/2024 16:20:04 - INFO - absl -   	 gamma: 0.990000
06/14/2024 16:20:04 - INFO - absl -   	 checkpoint_duration: 4
06/14/2024 16:20:04 - INFO - absl -   	 keep_every: None
06/14/2024 16:20:04 - WARNING - absl -   Unable to find episode_end_indices. This is expected for old checkpoints.
INFO:tensorflow:Loaded replay buffer ckpt 10 from ./data/data_atari/Pong/1/replay_logs
06/14/2024 16:20:15 - INFO - tensorflow -   Loaded replay buffer ckpt 10 from ./data/data_atari/Pong/1/replay_logs
this buffer has 21223 loaded transitions and there are now 429297 transitions total divided into 190 trajectories
06/14/2024 16:20:18 - INFO - absl -   Creating a OutOfGraphReplayBuffer replay memory with the following parameters:
06/14/2024 16:20:18 - INFO - absl -   	 observation_shape: (84, 84)
06/14/2024 16:20:18 - INFO - absl -   	 observation_dtype: <class 'numpy.uint8'>
06/14/2024 16:20:18 - INFO - absl -   	 terminal_dtype: <class 'numpy.uint8'>
06/14/2024 16:20:18 - INFO - absl -   	 stack_size: 4
06/14/2024 16:20:18 - INFO - absl -   	 replay_capacity: 100000
06/14/2024 16:20:18 - INFO - absl -   	 batch_size: 32
06/14/2024 16:20:18 - INFO - absl -   	 update_horizon: 1
06/14/2024 16:20:18 - INFO - absl -   	 gamma: 0.990000
06/14/2024 16:20:18 - INFO - absl -   	 checkpoint_duration: 4
06/14/2024 16:20:18 - INFO - absl -   	 keep_every: None
06/14/2024 16:20:18 - WARNING - absl -   Unable to find episode_end_indices. This is expected for old checkpoints.
INFO:tensorflow:Loaded replay buffer ckpt 37 from ./data/data_atari/Pong/1/replay_logs
06/14/2024 16:20:30 - INFO - tensorflow -   Loaded replay buffer ckpt 37 from ./data/data_atari/Pong/1/replay_logs
this buffer has 45185 loaded transitions and there are now 451761 transitions total divided into 200 trajectories
06/14/2024 16:20:33 - INFO - absl -   Creating a OutOfGraphReplayBuffer replay memory with the following parameters:
06/14/2024 16:20:33 - INFO - absl -   	 observation_shape: (84, 84)
06/14/2024 16:20:33 - INFO - absl -   	 observation_dtype: <class 'numpy.uint8'>
06/14/2024 16:20:33 - INFO - absl -   	 terminal_dtype: <class 'numpy.uint8'>
06/14/2024 16:20:33 - INFO - absl -   	 stack_size: 4
06/14/2024 16:20:33 - INFO - absl -   	 replay_capacity: 100000
06/14/2024 16:20:33 - INFO - absl -   	 batch_size: 32
06/14/2024 16:20:33 - INFO - absl -   	 update_horizon: 1
06/14/2024 16:20:33 - INFO - absl -   	 gamma: 0.990000
06/14/2024 16:20:33 - INFO - absl -   	 checkpoint_duration: 4
06/14/2024 16:20:33 - INFO - absl -   	 keep_every: None
06/14/2024 16:20:33 - WARNING - absl -   Unable to find episode_end_indices. This is expected for old checkpoints.
INFO:tensorflow:Loaded replay buffer ckpt 34 from ./data/data_atari/Pong/1/replay_logs
06/14/2024 16:20:44 - INFO - tensorflow -   Loaded replay buffer ckpt 34 from ./data/data_atari/Pong/1/replay_logs
this buffer has 22967 loaded transitions and there are now 474728 transitions total divided into 210 trajectories
06/14/2024 16:20:47 - INFO - absl -   Creating a OutOfGraphReplayBuffer replay memory with the following parameters:
06/14/2024 16:20:47 - INFO - absl -   	 observation_shape: (84, 84)
06/14/2024 16:20:47 - INFO - absl -   	 observation_dtype: <class 'numpy.uint8'>
06/14/2024 16:20:47 - INFO - absl -   	 terminal_dtype: <class 'numpy.uint8'>
06/14/2024 16:20:47 - INFO - absl -   	 stack_size: 4
06/14/2024 16:20:47 - INFO - absl -   	 replay_capacity: 100000
06/14/2024 16:20:47 - INFO - absl -   	 batch_size: 32
06/14/2024 16:20:47 - INFO - absl -   	 update_horizon: 1
06/14/2024 16:20:47 - INFO - absl -   	 gamma: 0.990000
06/14/2024 16:20:47 - INFO - absl -   	 checkpoint_duration: 4
06/14/2024 16:20:47 - INFO - absl -   	 keep_every: None
06/14/2024 16:20:47 - WARNING - absl -   Unable to find episode_end_indices. This is expected for old checkpoints.
INFO:tensorflow:Loaded replay buffer ckpt 18 from ./data/data_atari/Pong/1/replay_logs
06/14/2024 16:20:59 - INFO - tensorflow -   Loaded replay buffer ckpt 18 from ./data/data_atari/Pong/1/replay_logs
this buffer has 22921 loaded transitions and there are now 497649 transitions total divided into 220 trajectories
06/14/2024 16:21:02 - INFO - absl -   Creating a OutOfGraphReplayBuffer replay memory with the following parameters:
06/14/2024 16:21:02 - INFO - absl -   	 observation_shape: (84, 84)
06/14/2024 16:21:02 - INFO - absl -   	 observation_dtype: <class 'numpy.uint8'>
06/14/2024 16:21:02 - INFO - absl -   	 terminal_dtype: <class 'numpy.uint8'>
06/14/2024 16:21:02 - INFO - absl -   	 stack_size: 4
06/14/2024 16:21:02 - INFO - absl -   	 replay_capacity: 100000
06/14/2024 16:21:02 - INFO - absl -   	 batch_size: 32
06/14/2024 16:21:02 - INFO - absl -   	 update_horizon: 1
06/14/2024 16:21:02 - INFO - absl -   	 gamma: 0.990000
06/14/2024 16:21:02 - INFO - absl -   	 checkpoint_duration: 4
06/14/2024 16:21:02 - INFO - absl -   	 keep_every: None
06/14/2024 16:21:02 - WARNING - absl -   Unable to find episode_end_indices. This is expected for old checkpoints.
INFO:tensorflow:Loaded replay buffer ckpt 3 from ./data/data_atari/Pong/1/replay_logs
06/14/2024 16:21:13 - INFO - tensorflow -   Loaded replay buffer ckpt 3 from ./data/data_atari/Pong/1/replay_logs
this buffer has 42212 loaded transitions and there are now 539861 transitions total divided into 230 trajectories
max rtg is 21
max timestep is 5102
06/14/2024 16:22:40 - INFO - mingpt.model_atari -   number of parameters: 2166528
epoch 1 iter 2108: train loss 1.47521. lr 5.598325e-04: 100%|████████████| 2109/2109 [44:39<00:00,  1.27s/it]
06/14/2024 17:07:20 - INFO - mingpt.trainer_atari -   train loss: 1.552724
target return: 20, eval return: -11
epoch 2 iter 2108: train loss 1.09624. lr 4.500344e-04: 100%|████████████| 2109/2109 [47:09<00:00,  1.34s/it]
06/14/2024 18:00:53 - INFO - mingpt.trainer_atari -   train loss: 1.256055
target return: 20, eval return: 5
epoch 3 iter 2108: train loss 0.82293. lr 3.000298e-04: 100%|████████████| 2109/2109 [45:39<00:00,  1.30s/it]
06/14/2024 18:56:39 - INFO - mingpt.trainer_atari -   train loss: 0.967414
target return: 20, eval return: 0
epoch 4 iter 2108: train loss 0.67457. lr 1.500172e-04: 100%|██████████| 2109/2109 [1:01:39<00:00,  1.75s/it]
06/14/2024 20:07:07 - INFO - mingpt.trainer_atari -   train loss: 0.744788
target return: 20, eval return: 0
epoch 5 iter 2108: train loss 0.59594. lr 6.000000e-05: 100%|████████████| 2109/2109 [55:59<00:00,  1.59s/it]
06/14/2024 21:11:43 - INFO - mingpt.trainer_atari -   train loss: 0.600868
target return: 20, eval return: 1
2024-06-14 21:20:28.381905: I tensorflow/core/util/port.cc:113] oneDNN custom operations are on. You may see slightly different numerical results due to floating-point round-off errors from different computation orders. To turn them off, set the environment variable `TF_ENABLE_ONEDNN_OPTS=0`.
2024-06-14 21:20:28.634769: I tensorflow/core/platform/cpu_feature_guard.cc:210] This TensorFlow binary is optimized to use available CPU instructions in performance-critical operations.
To enable the following instructions: AVX2 AVX_VNNI FMA, in other operations, rebuild TensorFlow with the appropriate compiler flags.
2024-06-14 21:20:29.641660: W tensorflow/compiler/tf2tensorrt/utils/py_utils.cc:38] TF-TRT Warning: Could not find TensorRT
06/14/2024 21:20:30 - INFO - absl -   Creating a OutOfGraphReplayBuffer replay memory with the following parameters:
06/14/2024 21:20:30 - INFO - absl -   	 observation_shape: (84, 84)
06/14/2024 21:20:30 - INFO - absl -   	 observation_dtype: <class 'numpy.uint8'>
06/14/2024 21:20:30 - INFO - absl -   	 terminal_dtype: <class 'numpy.uint8'>
06/14/2024 21:20:30 - INFO - absl -   	 stack_size: 4
06/14/2024 21:20:30 - INFO - absl -   	 replay_capacity: 100000
06/14/2024 21:20:30 - INFO - absl -   	 batch_size: 32
06/14/2024 21:20:30 - INFO - absl -   	 update_horizon: 1
06/14/2024 21:20:30 - INFO - absl -   	 gamma: 0.990000
06/14/2024 21:20:30 - INFO - absl -   	 checkpoint_duration: 4
06/14/2024 21:20:30 - INFO - absl -   	 keep_every: None
06/14/2024 21:20:30 - WARNING - absl -   Unable to find episode_end_indices. This is expected for old checkpoints.
INFO:tensorflow:Loaded replay buffer ckpt 43 from ./data/data_atari/Pong/1/replay_logs
06/14/2024 21:20:41 - INFO - tensorflow -   Loaded replay buffer ckpt 43 from ./data/data_atari/Pong/1/replay_logs
this buffer has 20794 loaded transitions and there are now 20794 transitions total divided into 10 trajectories
06/14/2024 21:20:44 - INFO - absl -   Creating a OutOfGraphReplayBuffer replay memory with the following parameters:
06/14/2024 21:20:44 - INFO - absl -   	 observation_shape: (84, 84)
06/14/2024 21:20:44 - INFO - absl -   	 observation_dtype: <class 'numpy.uint8'>
06/14/2024 21:20:44 - INFO - absl -   	 terminal_dtype: <class 'numpy.uint8'>
06/14/2024 21:20:44 - INFO - absl -   	 stack_size: 4
06/14/2024 21:20:44 - INFO - absl -   	 replay_capacity: 100000
06/14/2024 21:20:44 - INFO - absl -   	 batch_size: 32
06/14/2024 21:20:44 - INFO - absl -   	 update_horizon: 1
06/14/2024 21:20:44 - INFO - absl -   	 gamma: 0.990000
06/14/2024 21:20:44 - INFO - absl -   	 checkpoint_duration: 4
06/14/2024 21:20:44 - INFO - absl -   	 keep_every: None
06/14/2024 21:20:44 - WARNING - absl -   Unable to find episode_end_indices. This is expected for old checkpoints.
INFO:tensorflow:Loaded replay buffer ckpt 36 from ./data/data_atari/Pong/1/replay_logs
06/14/2024 21:21:00 - INFO - tensorflow -   Loaded replay buffer ckpt 36 from ./data/data_atari/Pong/1/replay_logs
this buffer has 23976 loaded transitions and there are now 44770 transitions total divided into 20 trajectories
06/14/2024 21:21:04 - INFO - absl -   Creating a OutOfGraphReplayBuffer replay memory with the following parameters:
06/14/2024 21:21:04 - INFO - absl -   	 observation_shape: (84, 84)
06/14/2024 21:21:04 - INFO - absl -   	 observation_dtype: <class 'numpy.uint8'>
06/14/2024 21:21:04 - INFO - absl -   	 terminal_dtype: <class 'numpy.uint8'>
06/14/2024 21:21:04 - INFO - absl -   	 stack_size: 4
06/14/2024 21:21:04 - INFO - absl -   	 replay_capacity: 100000
06/14/2024 21:21:04 - INFO - absl -   	 batch_size: 32
06/14/2024 21:21:04 - INFO - absl -   	 update_horizon: 1
06/14/2024 21:21:04 - INFO - absl -   	 gamma: 0.990000
06/14/2024 21:21:04 - INFO - absl -   	 checkpoint_duration: 4
06/14/2024 21:21:04 - INFO - absl -   	 keep_every: None
06/14/2024 21:21:04 - WARNING - absl -   Unable to find episode_end_indices. This is expected for old checkpoints.
INFO:tensorflow:Loaded replay buffer ckpt 32 from ./data/data_atari/Pong/1/replay_logs
06/14/2024 21:21:14 - INFO - tensorflow -   Loaded replay buffer ckpt 32 from ./data/data_atari/Pong/1/replay_logs
this buffer has 21601 loaded transitions and there are now 66371 transitions total divided into 30 trajectories
06/14/2024 21:21:17 - INFO - absl -   Creating a OutOfGraphReplayBuffer replay memory with the following parameters:
06/14/2024 21:21:17 - INFO - absl -   	 observation_shape: (84, 84)
06/14/2024 21:21:17 - INFO - absl -   	 observation_dtype: <class 'numpy.uint8'>
06/14/2024 21:21:17 - INFO - absl -   	 terminal_dtype: <class 'numpy.uint8'>
06/14/2024 21:21:17 - INFO - absl -   	 stack_size: 4
06/14/2024 21:21:17 - INFO - absl -   	 replay_capacity: 100000
06/14/2024 21:21:17 - INFO - absl -   	 batch_size: 32
06/14/2024 21:21:17 - INFO - absl -   	 update_horizon: 1
06/14/2024 21:21:17 - INFO - absl -   	 gamma: 0.990000
06/14/2024 21:21:17 - INFO - absl -   	 checkpoint_duration: 4
06/14/2024 21:21:17 - INFO - absl -   	 keep_every: None
06/14/2024 21:21:17 - WARNING - absl -   Unable to find episode_end_indices. This is expected for old checkpoints.
INFO:tensorflow:Loaded replay buffer ckpt 1 from ./data/data_atari/Pong/1/replay_logs
06/14/2024 21:21:34 - INFO - tensorflow -   Loaded replay buffer ckpt 1 from ./data/data_atari/Pong/1/replay_logs
this buffer has 24636 loaded transitions and there are now 91007 transitions total divided into 40 trajectories
06/14/2024 21:21:37 - INFO - absl -   Creating a OutOfGraphReplayBuffer replay memory with the following parameters:
06/14/2024 21:21:37 - INFO - absl -   	 observation_shape: (84, 84)
06/14/2024 21:21:37 - INFO - absl -   	 observation_dtype: <class 'numpy.uint8'>
06/14/2024 21:21:37 - INFO - absl -   	 terminal_dtype: <class 'numpy.uint8'>
06/14/2024 21:21:37 - INFO - absl -   	 stack_size: 4
06/14/2024 21:21:37 - INFO - absl -   	 replay_capacity: 100000
06/14/2024 21:21:37 - INFO - absl -   	 batch_size: 32
06/14/2024 21:21:37 - INFO - absl -   	 update_horizon: 1
06/14/2024 21:21:37 - INFO - absl -   	 gamma: 0.990000
06/14/2024 21:21:37 - INFO - absl -   	 checkpoint_duration: 4
06/14/2024 21:21:37 - INFO - absl -   	 keep_every: None
06/14/2024 21:21:37 - WARNING - absl -   Unable to find episode_end_indices. This is expected for old checkpoints.
INFO:tensorflow:Loaded replay buffer ckpt 43 from ./data/data_atari/Pong/1/replay_logs
06/14/2024 21:21:48 - INFO - tensorflow -   Loaded replay buffer ckpt 43 from ./data/data_atari/Pong/1/replay_logs
this buffer has 43032 loaded transitions and there are now 113245 transitions total divided into 50 trajectories
06/14/2024 21:21:51 - INFO - absl -   Creating a OutOfGraphReplayBuffer replay memory with the following parameters:
06/14/2024 21:21:51 - INFO - absl -   	 observation_shape: (84, 84)
06/14/2024 21:21:51 - INFO - absl -   	 observation_dtype: <class 'numpy.uint8'>
06/14/2024 21:21:51 - INFO - absl -   	 terminal_dtype: <class 'numpy.uint8'>
06/14/2024 21:21:51 - INFO - absl -   	 stack_size: 4
06/14/2024 21:21:51 - INFO - absl -   	 replay_capacity: 100000
06/14/2024 21:21:51 - INFO - absl -   	 batch_size: 32
06/14/2024 21:21:51 - INFO - absl -   	 update_horizon: 1
06/14/2024 21:21:51 - INFO - absl -   	 gamma: 0.990000
06/14/2024 21:21:51 - INFO - absl -   	 checkpoint_duration: 4
06/14/2024 21:21:51 - INFO - absl -   	 keep_every: None
06/14/2024 21:21:51 - WARNING - absl -   Unable to find episode_end_indices. This is expected for old checkpoints.
INFO:tensorflow:Loaded replay buffer ckpt 41 from ./data/data_atari/Pong/1/replay_logs
06/14/2024 21:22:07 - INFO - tensorflow -   Loaded replay buffer ckpt 41 from ./data/data_atari/Pong/1/replay_logs
this buffer has 23935 loaded transitions and there are now 137180 transitions total divided into 60 trajectories
06/14/2024 21:22:10 - INFO - absl -   Creating a OutOfGraphReplayBuffer replay memory with the following parameters:
06/14/2024 21:22:10 - INFO - absl -   	 observation_shape: (84, 84)
06/14/2024 21:22:10 - INFO - absl -   	 observation_dtype: <class 'numpy.uint8'>
06/14/2024 21:22:10 - INFO - absl -   	 terminal_dtype: <class 'numpy.uint8'>
06/14/2024 21:22:10 - INFO - absl -   	 stack_size: 4
06/14/2024 21:22:10 - INFO - absl -   	 replay_capacity: 100000
06/14/2024 21:22:10 - INFO - absl -   	 batch_size: 32
06/14/2024 21:22:10 - INFO - absl -   	 update_horizon: 1
06/14/2024 21:22:10 - INFO - absl -   	 gamma: 0.990000
06/14/2024 21:22:10 - INFO - absl -   	 checkpoint_duration: 4
06/14/2024 21:22:10 - INFO - absl -   	 keep_every: None
06/14/2024 21:22:10 - WARNING - absl -   Unable to find episode_end_indices. This is expected for old checkpoints.
INFO:tensorflow:Loaded replay buffer ckpt 18 from ./data/data_atari/Pong/1/replay_logs
06/14/2024 21:22:21 - INFO - tensorflow -   Loaded replay buffer ckpt 18 from ./data/data_atari/Pong/1/replay_logs
this buffer has 22921 loaded transitions and there are now 160101 transitions total divided into 70 trajectories
06/14/2024 21:22:24 - INFO - absl -   Creating a OutOfGraphReplayBuffer replay memory with the following parameters:
06/14/2024 21:22:24 - INFO - absl -   	 observation_shape: (84, 84)
06/14/2024 21:22:24 - INFO - absl -   	 observation_dtype: <class 'numpy.uint8'>
06/14/2024 21:22:24 - INFO - absl -   	 terminal_dtype: <class 'numpy.uint8'>
06/14/2024 21:22:24 - INFO - absl -   	 stack_size: 4
06/14/2024 21:22:24 - INFO - absl -   	 replay_capacity: 100000
06/14/2024 21:22:24 - INFO - absl -   	 batch_size: 32
06/14/2024 21:22:24 - INFO - absl -   	 update_horizon: 1
06/14/2024 21:22:24 - INFO - absl -   	 gamma: 0.990000
06/14/2024 21:22:24 - INFO - absl -   	 checkpoint_duration: 4
06/14/2024 21:22:24 - INFO - absl -   	 keep_every: None
06/14/2024 21:22:24 - WARNING - absl -   Unable to find episode_end_indices. This is expected for old checkpoints.
INFO:tensorflow:Loaded replay buffer ckpt 6 from ./data/data_atari/Pong/1/replay_logs
06/14/2024 21:22:39 - INFO - tensorflow -   Loaded replay buffer ckpt 6 from ./data/data_atari/Pong/1/replay_logs
this buffer has 27212 loaded transitions and there are now 187313 transitions total divided into 80 trajectories
06/14/2024 21:22:43 - INFO - absl -   Creating a OutOfGraphReplayBuffer replay memory with the following parameters:
06/14/2024 21:22:43 - INFO - absl -   	 observation_shape: (84, 84)
06/14/2024 21:22:43 - INFO - absl -   	 observation_dtype: <class 'numpy.uint8'>
06/14/2024 21:22:43 - INFO - absl -   	 terminal_dtype: <class 'numpy.uint8'>
06/14/2024 21:22:43 - INFO - absl -   	 stack_size: 4
06/14/2024 21:22:43 - INFO - absl -   	 replay_capacity: 100000
06/14/2024 21:22:43 - INFO - absl -   	 batch_size: 32
06/14/2024 21:22:43 - INFO - absl -   	 update_horizon: 1
06/14/2024 21:22:43 - INFO - absl -   	 gamma: 0.990000
06/14/2024 21:22:43 - INFO - absl -   	 checkpoint_duration: 4
06/14/2024 21:22:43 - INFO - absl -   	 keep_every: None
06/14/2024 21:22:43 - WARNING - absl -   Unable to find episode_end_indices. This is expected for old checkpoints.
INFO:tensorflow:Loaded replay buffer ckpt 35 from ./data/data_atari/Pong/1/replay_logs
06/14/2024 21:22:53 - INFO - tensorflow -   Loaded replay buffer ckpt 35 from ./data/data_atari/Pong/1/replay_logs
this buffer has 23919 loaded transitions and there are now 211232 transitions total divided into 90 trajectories
06/14/2024 21:22:57 - INFO - absl -   Creating a OutOfGraphReplayBuffer replay memory with the following parameters:
06/14/2024 21:22:57 - INFO - absl -   	 observation_shape: (84, 84)
06/14/2024 21:22:57 - INFO - absl -   	 observation_dtype: <class 'numpy.uint8'>
06/14/2024 21:22:57 - INFO - absl -   	 terminal_dtype: <class 'numpy.uint8'>
06/14/2024 21:22:57 - INFO - absl -   	 stack_size: 4
06/14/2024 21:22:57 - INFO - absl -   	 replay_capacity: 100000
06/14/2024 21:22:57 - INFO - absl -   	 batch_size: 32
06/14/2024 21:22:57 - INFO - absl -   	 update_horizon: 1
06/14/2024 21:22:57 - INFO - absl -   	 gamma: 0.990000
06/14/2024 21:22:57 - INFO - absl -   	 checkpoint_duration: 4
06/14/2024 21:22:57 - INFO - absl -   	 keep_every: None
06/14/2024 21:22:57 - WARNING - absl -   Unable to find episode_end_indices. This is expected for old checkpoints.
INFO:tensorflow:Loaded replay buffer ckpt 39 from ./data/data_atari/Pong/1/replay_logs
06/14/2024 21:23:08 - INFO - tensorflow -   Loaded replay buffer ckpt 39 from ./data/data_atari/Pong/1/replay_logs
this buffer has 21825 loaded transitions and there are now 233057 transitions total divided into 100 trajectories
06/14/2024 21:23:11 - INFO - absl -   Creating a OutOfGraphReplayBuffer replay memory with the following parameters:
06/14/2024 21:23:11 - INFO - absl -   	 observation_shape: (84, 84)
06/14/2024 21:23:11 - INFO - absl -   	 observation_dtype: <class 'numpy.uint8'>
06/14/2024 21:23:11 - INFO - absl -   	 terminal_dtype: <class 'numpy.uint8'>
06/14/2024 21:23:11 - INFO - absl -   	 stack_size: 4
06/14/2024 21:23:11 - INFO - absl -   	 replay_capacity: 100000
06/14/2024 21:23:11 - INFO - absl -   	 batch_size: 32
06/14/2024 21:23:11 - INFO - absl -   	 update_horizon: 1
06/14/2024 21:23:11 - INFO - absl -   	 gamma: 0.990000
06/14/2024 21:23:11 - INFO - absl -   	 checkpoint_duration: 4
06/14/2024 21:23:11 - INFO - absl -   	 keep_every: None
06/14/2024 21:23:11 - WARNING - absl -   Unable to find episode_end_indices. This is expected for old checkpoints.
INFO:tensorflow:Loaded replay buffer ckpt 46 from ./data/data_atari/Pong/1/replay_logs
06/14/2024 21:23:22 - INFO - tensorflow -   Loaded replay buffer ckpt 46 from ./data/data_atari/Pong/1/replay_logs
this buffer has 21500 loaded transitions and there are now 254557 transitions total divided into 110 trajectories
06/14/2024 21:23:25 - INFO - absl -   Creating a OutOfGraphReplayBuffer replay memory with the following parameters:
06/14/2024 21:23:25 - INFO - absl -   	 observation_shape: (84, 84)
06/14/2024 21:23:25 - INFO - absl -   	 observation_dtype: <class 'numpy.uint8'>
06/14/2024 21:23:25 - INFO - absl -   	 terminal_dtype: <class 'numpy.uint8'>
06/14/2024 21:23:25 - INFO - absl -   	 stack_size: 4
06/14/2024 21:23:25 - INFO - absl -   	 replay_capacity: 100000
06/14/2024 21:23:25 - INFO - absl -   	 batch_size: 32
06/14/2024 21:23:25 - INFO - absl -   	 update_horizon: 1
06/14/2024 21:23:25 - INFO - absl -   	 gamma: 0.990000
06/14/2024 21:23:25 - INFO - absl -   	 checkpoint_duration: 4
06/14/2024 21:23:25 - INFO - absl -   	 keep_every: None
06/14/2024 21:23:25 - WARNING - absl -   Unable to find episode_end_indices. This is expected for old checkpoints.
INFO:tensorflow:Loaded replay buffer ckpt 9 from ./data/data_atari/Pong/1/replay_logs
06/14/2024 21:23:38 - INFO - tensorflow -   Loaded replay buffer ckpt 9 from ./data/data_atari/Pong/1/replay_logs
this buffer has 23485 loaded transitions and there are now 278042 transitions total divided into 120 trajectories
06/14/2024 21:23:42 - INFO - absl -   Creating a OutOfGraphReplayBuffer replay memory with the following parameters:
06/14/2024 21:23:42 - INFO - absl -   	 observation_shape: (84, 84)
06/14/2024 21:23:42 - INFO - absl -   	 observation_dtype: <class 'numpy.uint8'>
06/14/2024 21:23:42 - INFO - absl -   	 terminal_dtype: <class 'numpy.uint8'>
06/14/2024 21:23:42 - INFO - absl -   	 stack_size: 4
06/14/2024 21:23:42 - INFO - absl -   	 replay_capacity: 100000
06/14/2024 21:23:42 - INFO - absl -   	 batch_size: 32
06/14/2024 21:23:42 - INFO - absl -   	 update_horizon: 1
06/14/2024 21:23:42 - INFO - absl -   	 gamma: 0.990000
06/14/2024 21:23:42 - INFO - absl -   	 checkpoint_duration: 4
06/14/2024 21:23:42 - INFO - absl -   	 keep_every: None
06/14/2024 21:23:42 - WARNING - absl -   Unable to find episode_end_indices. This is expected for old checkpoints.
INFO:tensorflow:Loaded replay buffer ckpt 3 from ./data/data_atari/Pong/1/replay_logs
06/14/2024 21:23:54 - INFO - tensorflow -   Loaded replay buffer ckpt 3 from ./data/data_atari/Pong/1/replay_logs
this buffer has 42212 loaded transitions and there are now 320254 transitions total divided into 130 trajectories
06/14/2024 21:24:00 - INFO - absl -   Creating a OutOfGraphReplayBuffer replay memory with the following parameters:
06/14/2024 21:24:00 - INFO - absl -   	 observation_shape: (84, 84)
06/14/2024 21:24:00 - INFO - absl -   	 observation_dtype: <class 'numpy.uint8'>
06/14/2024 21:24:00 - INFO - absl -   	 terminal_dtype: <class 'numpy.uint8'>
06/14/2024 21:24:00 - INFO - absl -   	 stack_size: 4
06/14/2024 21:24:00 - INFO - absl -   	 replay_capacity: 100000
06/14/2024 21:24:00 - INFO - absl -   	 batch_size: 32
06/14/2024 21:24:00 - INFO - absl -   	 update_horizon: 1
06/14/2024 21:24:00 - INFO - absl -   	 gamma: 0.990000
06/14/2024 21:24:00 - INFO - absl -   	 checkpoint_duration: 4
06/14/2024 21:24:00 - INFO - absl -   	 keep_every: None
06/14/2024 21:24:00 - WARNING - absl -   Unable to find episode_end_indices. This is expected for old checkpoints.
INFO:tensorflow:Loaded replay buffer ckpt 25 from ./data/data_atari/Pong/1/replay_logs
06/14/2024 21:24:15 - INFO - tensorflow -   Loaded replay buffer ckpt 25 from ./data/data_atari/Pong/1/replay_logs
this buffer has 20987 loaded transitions and there are now 341241 transitions total divided into 140 trajectories
06/14/2024 21:24:18 - INFO - absl -   Creating a OutOfGraphReplayBuffer replay memory with the following parameters:
06/14/2024 21:24:18 - INFO - absl -   	 observation_shape: (84, 84)
06/14/2024 21:24:18 - INFO - absl -   	 observation_dtype: <class 'numpy.uint8'>
06/14/2024 21:24:18 - INFO - absl -   	 terminal_dtype: <class 'numpy.uint8'>
06/14/2024 21:24:18 - INFO - absl -   	 stack_size: 4
06/14/2024 21:24:18 - INFO - absl -   	 replay_capacity: 100000
06/14/2024 21:24:18 - INFO - absl -   	 batch_size: 32
06/14/2024 21:24:18 - INFO - absl -   	 update_horizon: 1
06/14/2024 21:24:18 - INFO - absl -   	 gamma: 0.990000
06/14/2024 21:24:18 - INFO - absl -   	 checkpoint_duration: 4
06/14/2024 21:24:18 - INFO - absl -   	 keep_every: None
06/14/2024 21:24:18 - WARNING - absl -   Unable to find episode_end_indices. This is expected for old checkpoints.
INFO:tensorflow:Loaded replay buffer ckpt 25 from ./data/data_atari/Pong/1/replay_logs
06/14/2024 21:24:31 - INFO - tensorflow -   Loaded replay buffer ckpt 25 from ./data/data_atari/Pong/1/replay_logs
this buffer has 43563 loaded transitions and there are now 363817 transitions total divided into 150 trajectories
06/14/2024 21:24:34 - INFO - absl -   Creating a OutOfGraphReplayBuffer replay memory with the following parameters:
06/14/2024 21:24:34 - INFO - absl -   	 observation_shape: (84, 84)
06/14/2024 21:24:34 - INFO - absl -   	 observation_dtype: <class 'numpy.uint8'>
06/14/2024 21:24:34 - INFO - absl -   	 terminal_dtype: <class 'numpy.uint8'>
06/14/2024 21:24:34 - INFO - absl -   	 stack_size: 4
06/14/2024 21:24:34 - INFO - absl -   	 replay_capacity: 100000
06/14/2024 21:24:34 - INFO - absl -   	 batch_size: 32
06/14/2024 21:24:34 - INFO - absl -   	 update_horizon: 1
06/14/2024 21:24:34 - INFO - absl -   	 gamma: 0.990000
06/14/2024 21:24:34 - INFO - absl -   	 checkpoint_duration: 4
06/14/2024 21:24:34 - INFO - absl -   	 keep_every: None
06/14/2024 21:24:34 - WARNING - absl -   Unable to find episode_end_indices. This is expected for old checkpoints.
INFO:tensorflow:Loaded replay buffer ckpt 14 from ./data/data_atari/Pong/1/replay_logs
06/14/2024 21:24:49 - INFO - tensorflow -   Loaded replay buffer ckpt 14 from ./data/data_atari/Pong/1/replay_logs
this buffer has 21287 loaded transitions and there are now 385104 transitions total divided into 160 trajectories
06/14/2024 21:24:52 - INFO - absl -   Creating a OutOfGraphReplayBuffer replay memory with the following parameters:
06/14/2024 21:24:52 - INFO - absl -   	 observation_shape: (84, 84)
06/14/2024 21:24:52 - INFO - absl -   	 observation_dtype: <class 'numpy.uint8'>
06/14/2024 21:24:52 - INFO - absl -   	 terminal_dtype: <class 'numpy.uint8'>
06/14/2024 21:24:52 - INFO - absl -   	 stack_size: 4
06/14/2024 21:24:52 - INFO - absl -   	 replay_capacity: 100000
06/14/2024 21:24:52 - INFO - absl -   	 batch_size: 32
06/14/2024 21:24:52 - INFO - absl -   	 update_horizon: 1
06/14/2024 21:24:52 - INFO - absl -   	 gamma: 0.990000
06/14/2024 21:24:52 - INFO - absl -   	 checkpoint_duration: 4
06/14/2024 21:24:52 - INFO - absl -   	 keep_every: None
06/14/2024 21:24:52 - WARNING - absl -   Unable to find episode_end_indices. This is expected for old checkpoints.
INFO:tensorflow:Loaded replay buffer ckpt 1 from ./data/data_atari/Pong/1/replay_logs
06/14/2024 21:25:04 - INFO - tensorflow -   Loaded replay buffer ckpt 1 from ./data/data_atari/Pong/1/replay_logs
this buffer has 51253 loaded transitions and there are now 411721 transitions total divided into 170 trajectories
06/14/2024 21:25:08 - INFO - absl -   Creating a OutOfGraphReplayBuffer replay memory with the following parameters:
06/14/2024 21:25:08 - INFO - absl -   	 observation_shape: (84, 84)
06/14/2024 21:25:08 - INFO - absl -   	 observation_dtype: <class 'numpy.uint8'>
06/14/2024 21:25:08 - INFO - absl -   	 terminal_dtype: <class 'numpy.uint8'>
06/14/2024 21:25:08 - INFO - absl -   	 stack_size: 4
06/14/2024 21:25:08 - INFO - absl -   	 replay_capacity: 100000
06/14/2024 21:25:08 - INFO - absl -   	 batch_size: 32
06/14/2024 21:25:08 - INFO - absl -   	 update_horizon: 1
06/14/2024 21:25:08 - INFO - absl -   	 gamma: 0.990000
06/14/2024 21:25:08 - INFO - absl -   	 checkpoint_duration: 4
06/14/2024 21:25:08 - INFO - absl -   	 keep_every: None
06/14/2024 21:25:08 - WARNING - absl -   Unable to find episode_end_indices. This is expected for old checkpoints.
INFO:tensorflow:Loaded replay buffer ckpt 20 from ./data/data_atari/Pong/1/replay_logs
06/14/2024 21:25:22 - INFO - tensorflow -   Loaded replay buffer ckpt 20 from ./data/data_atari/Pong/1/replay_logs
this buffer has 21166 loaded transitions and there are now 432887 transitions total divided into 180 trajectories
06/14/2024 21:25:25 - INFO - absl -   Creating a OutOfGraphReplayBuffer replay memory with the following parameters:
06/14/2024 21:25:25 - INFO - absl -   	 observation_shape: (84, 84)
06/14/2024 21:25:25 - INFO - absl -   	 observation_dtype: <class 'numpy.uint8'>
06/14/2024 21:25:25 - INFO - absl -   	 terminal_dtype: <class 'numpy.uint8'>
06/14/2024 21:25:25 - INFO - absl -   	 stack_size: 4
06/14/2024 21:25:25 - INFO - absl -   	 replay_capacity: 100000
06/14/2024 21:25:25 - INFO - absl -   	 batch_size: 32
06/14/2024 21:25:25 - INFO - absl -   	 update_horizon: 1
06/14/2024 21:25:25 - INFO - absl -   	 gamma: 0.990000
06/14/2024 21:25:25 - INFO - absl -   	 checkpoint_duration: 4
06/14/2024 21:25:25 - INFO - absl -   	 keep_every: None
06/14/2024 21:25:25 - WARNING - absl -   Unable to find episode_end_indices. This is expected for old checkpoints.
INFO:tensorflow:Loaded replay buffer ckpt 40 from ./data/data_atari/Pong/1/replay_logs
06/14/2024 21:25:37 - INFO - tensorflow -   Loaded replay buffer ckpt 40 from ./data/data_atari/Pong/1/replay_logs
this buffer has 20985 loaded transitions and there are now 453872 transitions total divided into 190 trajectories
06/14/2024 21:25:40 - INFO - absl -   Creating a OutOfGraphReplayBuffer replay memory with the following parameters:
06/14/2024 21:25:40 - INFO - absl -   	 observation_shape: (84, 84)
06/14/2024 21:25:40 - INFO - absl -   	 observation_dtype: <class 'numpy.uint8'>
06/14/2024 21:25:40 - INFO - absl -   	 terminal_dtype: <class 'numpy.uint8'>
06/14/2024 21:25:40 - INFO - absl -   	 stack_size: 4
06/14/2024 21:25:40 - INFO - absl -   	 replay_capacity: 100000
06/14/2024 21:25:40 - INFO - absl -   	 batch_size: 32
06/14/2024 21:25:40 - INFO - absl -   	 update_horizon: 1
06/14/2024 21:25:40 - INFO - absl -   	 gamma: 0.990000
06/14/2024 21:25:40 - INFO - absl -   	 checkpoint_duration: 4
06/14/2024 21:25:40 - INFO - absl -   	 keep_every: None
06/14/2024 21:25:40 - WARNING - absl -   Unable to find episode_end_indices. This is expected for old checkpoints.
INFO:tensorflow:Loaded replay buffer ckpt 6 from ./data/data_atari/Pong/1/replay_logs
06/14/2024 21:25:51 - INFO - tensorflow -   Loaded replay buffer ckpt 6 from ./data/data_atari/Pong/1/replay_logs
this buffer has 54945 loaded transitions and there are now 481605 transitions total divided into 200 trajectories
06/14/2024 21:25:55 - INFO - absl -   Creating a OutOfGraphReplayBuffer replay memory with the following parameters:
06/14/2024 21:25:55 - INFO - absl -   	 observation_shape: (84, 84)
06/14/2024 21:25:55 - INFO - absl -   	 observation_dtype: <class 'numpy.uint8'>
06/14/2024 21:25:55 - INFO - absl -   	 terminal_dtype: <class 'numpy.uint8'>
06/14/2024 21:25:55 - INFO - absl -   	 stack_size: 4
06/14/2024 21:25:55 - INFO - absl -   	 replay_capacity: 100000
06/14/2024 21:25:55 - INFO - absl -   	 batch_size: 32
06/14/2024 21:25:55 - INFO - absl -   	 update_horizon: 1
06/14/2024 21:25:55 - INFO - absl -   	 gamma: 0.990000
06/14/2024 21:25:55 - INFO - absl -   	 checkpoint_duration: 4
06/14/2024 21:25:55 - INFO - absl -   	 keep_every: None
06/14/2024 21:25:55 - WARNING - absl -   Unable to find episode_end_indices. This is expected for old checkpoints.
INFO:tensorflow:Loaded replay buffer ckpt 20 from ./data/data_atari/Pong/1/replay_logs
06/14/2024 21:26:07 - INFO - tensorflow -   Loaded replay buffer ckpt 20 from ./data/data_atari/Pong/1/replay_logs
this buffer has 45319 loaded transitions and there are now 505758 transitions total divided into 210 trajectories
max rtg is 21
max timestep is 5102
06/14/2024 21:27:29 - INFO - mingpt.model_atari -   number of parameters: 2166528
epoch 1 iter 1975: train loss 1.24445. lr 5.598341e-04: 100%|████████████| 1976/1976 [37:45<00:00,  1.15s/it]
06/14/2024 22:05:14 - INFO - mingpt.trainer_atari -   train loss: 1.519285
target return: 20, eval return: 1
epoch 2 iter 1189: train loss 1.08889. lr 5.004793e-04:  60%|███████▏    | 1190/1976 [22:53<14:41,  1.12s/it]epoch 2 iter 1189: train loss 1.08889. lr 5.004793e-04:  60%|███████▏    | 1190/1976 [22:54<15:07,  1.15s/it]
