Analyzing data for game: Zaxxon
Total steps analyzed: 5000000
Number of trajectories: 3191
Visualizing a random game state:

Action space analysis:
Total actions: 5000000
Unique actions: [0, 1, 2, 3, 4, 5, 6, 7, 8, 9, 10, 11, 12, 13, 14, 15, 16, 17]
Number of unique actions: 18

Action frequency breakdown:
Action 0: 239228 times (4.78%)
Action 1: 293607 times (5.87%)
Action 2: 272140 times (5.44%)
Action 3: 315911 times (6.32%)
Action 4: 273482 times (5.47%)
Action 5: 229925 times (4.60%)
Action 6: 324242 times (6.48%)
Action 7: 267488 times (5.35%)
Action 8: 248718 times (4.97%)
Action 9: 238310 times (4.77%)
Action 10: 317354 times (6.35%)
Action 11: 343230 times (6.86%)
Action 12: 262349 times (5.25%)
Action 13: 242244 times (4.84%)
Action 14: 377555 times (7.55%)
Action 15: 275490 times (5.51%)
Action 16: 243464 times (4.87%)
Action 17: 235263 times (4.71%)

Action distribution entropy: 4.1546
Max possible entropy: 4.1699
Normalized entropy: 0.9963

Reward sequence analysis:
Average trajectory length: 1566.38
Average total reward per trajectory: 7.66
Maximum return: 34.00
Average steps until first non-zero reward: 338.68

Frame complexity analysis:
entropy: 1.1646 +/- 0.0409
edge_ratio: 0.0542 +/- 0.0031
compression_ratio: 17.5884 +/- 1.1751
ssim: 0.9133 +/- 0.0434
feature_count: 26.5949 +/- 2.7192
