Analyzing data for game: Breakout
Total steps analyzed: 5000000
Number of trajectories: 3847
Visualizing a random game state:

Action space analysis:
Total actions: 5000000
Unique actions: [0, 1, 2, 3]
Number of unique actions: 4

Action frequency breakdown:
Action 0: 1246396 times (24.93%)
Action 1: 1214121 times (24.28%)
Action 2: 1016776 times (20.34%)
Action 3: 1522707 times (30.45%)

Action distribution entropy: 1.9851
Max possible entropy: 2.0000
Normalized entropy: 0.9926

Reward sequence analysis:
Average trajectory length: 1299.62
Average total reward per trajectory: 40.40
Maximum return: 151.00
Average steps until first non-zero reward: 45.20

Frame complexity analysis:
entropy: 1.5047 +/- 0.0077
edge_ratio: 0.0810 +/- 0.0007
compression_ratio: 21.3492 +/- 0.8847
ssim: 0.9744 +/- 0.0084
feature_count: 23.3348 +/- 0.5850