Analyzing data for game: NameThisGame
Total steps analyzed: 5000000
Number of trajectories: 1109
Visualizing a random game state:

Action space analysis:
Total actions: 5000000
Unique actions: [0, 1, 2, 3, 4, 5]
Number of unique actions: 6

Action frequency breakdown:
Action 0: 648428 times (12.97%)
Action 1: 889382 times (17.79%)
Action 2: 678770 times (13.58%)
Action 3: 666050 times (13.32%)
Action 4: 1099671 times (21.99%)
Action 5: 1017699 times (20.35%)

Action distribution entropy: 2.5518
Max possible entropy: 2.5850
Normalized entropy: 0.9872

Reward sequence analysis:
Average trajectory length: 4506.22
Average total reward per trajectory: 308.78
Average steps until first non-zero reward: 131.42
