Analyzing data for game: RoadRunner
Total steps analyzed: 5000000
Number of trajectories: 4479
Visualizing a random game state:

Action space analysis:
Total actions: 5000000
Unique actions: [0, 1, 2, 3, 4, 5, 6, 7, 8, 9, 10, 11, 12, 13, 14, 15, 16, 17]
Number of unique actions: 18

Action frequency breakdown:
Action 0: 177912 times (3.56%)
Action 1: 170950 times (3.42%)
Action 2: 313200 times (6.26%)
Action 3: 142631 times (2.85%)
Action 4: 468747 times (9.37%)
Action 5: 318072 times (6.36%)
Action 6: 143778 times (2.88%)
Action 7: 788841 times (15.78%)
Action 8: 156281 times (3.13%)
Action 9: 774860 times (15.50%)
Action 10: 203002 times (4.06%)
Action 11: 172657 times (3.45%)
Action 12: 225505 times (4.51%)
Action 13: 181524 times (3.63%)
Action 14: 156143 times (3.12%)
Action 15: 233309 times (4.67%)
Action 16: 141084 times (2.82%)
Action 17: 231504 times (4.63%)

Action distribution entropy: 3.8918
Max possible entropy: 4.1699
Normalized entropy: 0.9333

Reward sequence analysis:
Average trajectory length: 1116.21
Average total reward per trajectory: 127.38
Maximum return: 270.00
Average steps until first non-zero reward: 80.20