Analyzing data for game: KungFuMaster
Total steps analyzed: 5000000
Number of trajectories: 1891
Visualizing a random game state:

Action space analysis:
Total actions: 5000000
Unique actions: [0, 1, 2, 3, 4, 5, 6, 7, 8, 9, 10, 11, 12, 13]
Number of unique actions: 14

Action frequency breakdown:
Action 0: 326252 times (6.53%)
Action 1: 281121 times (5.62%)
Action 2: 275199 times (5.50%)
Action 3: 477259 times (9.55%)
Action 4: 346868 times (6.94%)
Action 5: 355476 times (7.11%)
Action 6: 354793 times (7.10%)
Action 7: 344144 times (6.88%)
Action 8: 472958 times (9.46%)
Action 9: 332923 times (6.66%)
Action 10: 321381 times (6.43%)
Action 11: 372267 times (7.45%)
Action 12: 348569 times (6.97%)
Action 13: 390790 times (7.82%)

Action distribution entropy: 3.7899
Max possible entropy: 3.8074
Normalized entropy: 0.9954

Reward sequence analysis:
Average trajectory length: 2642.71
Average total reward per trajectory: 117.24
Maximum return: 284.00
Average steps until first non-zero reward: 109.53

Frame complexity analysis:
entropy: 2.6626 +/- 0.0120
edge_ratio: 0.1586 +/- 0.0019
compression_ratio: 7.5817 +/- 0.3584
ssim: 0.9701 +/- 0.0092
feature_count: 52.6282 +/- 1.7547