Analyzing data for game: Alien
Total steps analyzed: 5000000
Number of trajectories: 5363
Visualizing a random game state:

Action space analysis:
Total actions: 5000000
Unique actions: [0, 1, 2, 3, 4, 5, 6, 7, 8, 9, 10, 11, 12, 13, 14, 15, 16, 17]
Number of unique actions: 18

Action frequency breakdown:
Action 0: 253529 times (5.07%)
Action 1: 265638 times (5.31%)
Action 2: 254089 times (5.08%)
Action 3: 246676 times (4.93%)
Action 4: 267896 times (5.36%)
Action 5: 281559 times (5.63%)
Action 6: 229799 times (4.60%)
Action 7: 266916 times (5.34%)
Action 8: 257586 times (5.15%)
Action 9: 273438 times (5.47%)
Action 10: 267439 times (5.35%)
Action 11: 288229 times (5.76%)
Action 12: 328319 times (6.57%)
Action 13: 332665 times (6.65%)
Action 14: 244267 times (4.89%)
Action 15: 304557 times (6.09%)
Action 16: 302623 times (6.05%)
Action 17: 334775 times (6.70%)

Action distribution entropy: 4.1614
Max possible entropy: 4.1699
Normalized entropy: 0.9980

Reward sequence analysis:
Average trajectory length: 932.20
Average total reward per trajectory: 109.86
Maximum return: 215.00
Average steps until first non-zero reward: 22.49

Frame complexity analysis:
entropy: 2.0238 +/- 0.0152
edge_ratio: 0.0541 +/- 0.0012
compression_ratio: 7.7123 +/- 1.0550
ssim: 0.9794 +/- 0.0085
feature_count: 22.8773 +/- 1.8566