Analyzing data for game: MsPacman
Total steps analyzed: 5000000
Number of trajectories: 4276
Visualizing a random game state:

Action space analysis:
Total actions: 5000000
Unique actions: [0, 1, 2, 3, 4, 5, 6, 7, 8]
Number of unique actions: 9

Action frequency breakdown:
Action 0: 473071 times (9.46%)
Action 1: 546240 times (10.92%)
Action 2: 513872 times (10.28%)
Action 3: 500863 times (10.02%)
Action 4: 579582 times (11.59%)
Action 5: 587238 times (11.74%)
Action 6: 588634 times (11.77%)
Action 7: 612579 times (12.25%)
Action 8: 597921 times (11.96%)

Action distribution entropy: 3.1648
Max possible entropy: 3.1699
Normalized entropy: 0.9984

Reward sequence analysis:
Average trajectory length: 1169.08
Average total reward per trajectory: 178.69
Maximum return: 407.00
Average steps until first non-zero reward: 71.05

Frame complexity analysis:
entropy: 2.0583 +/- 0.0084
edge_ratio: 0.2271 +/- 0.0011
compression_ratio: 7.9529 +/- 0.4390
ssim: 0.9871 +/- 0.0051
feature_count: 164.8299 +/- 3.8659