Analyzing data for game: BattleZone
Total steps analyzed: 5000000
Number of trajectories: 2417
Visualizing a random game state:

Action space analysis:
Total actions: 5000000
Unique actions: [0, 1, 2, 3, 4, 5, 6, 7, 8, 9, 10, 11, 12, 13, 14, 15, 16, 17]
Number of unique actions: 18

Action frequency breakdown:
Action 0: 275482 times (5.51%)
Action 1: 392299 times (7.85%)
Action 2: 292505 times (5.85%)
Action 3: 222530 times (4.45%)
Action 4: 253282 times (5.07%)
Action 5: 328515 times (6.57%)
Action 6: 229499 times (4.59%)
Action 7: 237262 times (4.75%)
Action 8: 220827 times (4.42%)
Action 9: 281222 times (5.62%)
Action 10: 381839 times (7.64%)
Action 11: 241850 times (4.84%)
Action 12: 239806 times (4.80%)
Action 13: 484651 times (9.69%)
Action 14: 222585 times (4.45%)
Action 15: 235247 times (4.70%)
Action 16: 215109 times (4.30%)
Action 17: 245490 times (4.91%)

Action distribution entropy: 4.1264
Max possible entropy: 4.1699
Normalized entropy: 0.9896

Reward sequence analysis:
Average trajectory length: 2068.26
Average total reward per trajectory: 12.61
Maximum return: 37.00
Average steps until first non-zero reward: 267.60

Frame complexity analysis:
entropy: 2.8449 +/- 0.0746
edge_ratio: 0.0774 +/- 0.0067
compression_ratio: 9.3087 +/- 1.1699
ssim: 0.9085 +/- 0.0301
feature_count: 13.8755 +/- 2.4008