Analyzing data for game: AirRaid
Total steps analyzed: 5000000
Number of trajectories: 2088
Visualizing a random game state:

Action space analysis:
Total actions: 5000000
Unique actions: [0, 1, 2, 3, 4, 5]
Number of unique actions: 6

Action frequency breakdown:
Action 0: 696035 times (13.92%)
Action 1: 1040084 times (20.80%)
Action 2: 823056 times (16.46%)
Action 3: 780663 times (15.61%)
Action 4: 836614 times (16.73%)
Action 5: 823548 times (16.47%)

Action distribution entropy: 2.5741
Max possible entropy: 2.5850
Normalized entropy: 0.9958

Reward sequence analysis:
Average trajectory length: 2392.24
Average total reward per trajectory: 80.63
Average steps until first non-zero reward: 26.68
