Analyzing data for game: Hero
Total steps analyzed: 500000
Number of trajectories: 418
Visualizing a random game state:

Action space analysis:
Unique actions: [0, 1, 2, 3, 4, 5, 6, 7, 8, 9, 10, 11, 12, 13, 14, 15, 16, 17]
Number of unique actions: 18

Action frequency breakdown:
Action 16: 7.62%
Action 11: 7.40%
Action 17: 7.28%
Action 4: 6.45%
Action 12: 6.43%
Action 8: 6.42%
Action 3: 6.16%
Action 9: 5.60%
Action 14: 5.23%
Action 15: 5.06%
Action 13: 4.96%
Action 0: 4.84%
Action 5: 4.83%
Action 6: 4.82%
Action 7: 4.68%
Action 1: 4.48%
Action 2: 3.88%
Action 10: 3.85%

Reward sequence analysis:
Average trajectory length: 1192.46
Average total reward per trajectory: 128.65
Average steps until first non-zero reward: 49.89