Analyzing data for game: Hero
Total steps analyzed: 5000000
Number of trajectories: 4221
Visualizing a random game state:

Action space analysis:
Total actions: 5000000
Unique actions: [0, 1, 2, 3, 4, 5, 6, 7, 8, 9, 10, 11, 12, 13, 14, 15, 16, 17]
Number of unique actions: 18

Action frequency breakdown:
Action 0: 261270 times (5.23%)
Action 1: 235180 times (4.70%)
Action 2: 208973 times (4.18%)
Action 3: 306799 times (6.14%)
Action 4: 293620 times (5.87%)
Action 5: 248895 times (4.98%)
Action 6: 242201 times (4.84%)
Action 7: 228630 times (4.57%)
Action 8: 309011 times (6.18%)
Action 9: 280658 times (5.61%)
Action 10: 203717 times (4.07%)
Action 11: 357433 times (7.15%)
Action 12: 324418 times (6.49%)
Action 13: 257509 times (5.15%)
Action 14: 267079 times (5.34%)
Action 15: 247749 times (4.95%)
Action 16: 385402 times (7.71%)
Action 17: 341456 times (6.83%)

Action distribution entropy: 4.1473
Max possible entropy: 4.1699
Normalized entropy: 0.9946

Reward sequence analysis:
Average trajectory length: 1184.44
Average total reward per trajectory: 118.56
Average steps until first non-zero reward: 57.34