Analyzing data for game: PrivateEye
Total steps analyzed: 5000000
Number of trajectories: 1850
Visualizing a random game state:

Action space analysis:
Total actions: 5000000
Unique actions: [0, 1, 2, 3, 4, 5, 6, 7, 8, 9, 10, 11, 12, 13, 14, 15, 16, 17]
Number of unique actions: 18

Action frequency breakdown:
Action 0: 191367 times (3.83%)
Action 1: 213314 times (4.27%)
Action 2: 183628 times (3.67%)
Action 3: 302823 times (6.06%)
Action 4: 332357 times (6.65%)
Action 5: 211644 times (4.23%)
Action 6: 361917 times (7.24%)
Action 7: 270126 times (5.40%)
Action 8: 248871 times (4.98%)
Action 9: 242006 times (4.84%)
Action 10: 243275 times (4.87%)
Action 11: 350897 times (7.02%)
Action 12: 287181 times (5.74%)
Action 13: 252416 times (5.05%)
Action 14: 274578 times (5.49%)
Action 15: 365706 times (7.31%)
Action 16: 311428 times (6.23%)
Action 17: 356466 times (7.13%)

Action distribution entropy: 4.1384
Max possible entropy: 4.1699
Normalized entropy: 0.9925

Reward sequence analysis:
Average trajectory length: 2701.26
Average total reward per trajectory: -2.33
Average steps until first non-zero reward: 146.03
