Analyzing data for game: Seaquest
Total steps analyzed: 5000000
Number of trajectories: 3550
Visualizing a random game state:

Action space analysis:
Total actions: 5000000
Unique actions: [0, 1, 2, 3, 4, 5, 6, 7, 8, 9, 10, 11, 12, 13, 14, 15, 16, 17]
Number of unique actions: 18

Action frequency breakdown:
Action 0: 218046 times (4.36%)
Action 1: 243382 times (4.87%)
Action 2: 254365 times (5.09%)
Action 3: 215862 times (4.32%)
Action 4: 202641 times (4.05%)
Action 5: 262025 times (5.24%)
Action 6: 261423 times (5.23%)
Action 7: 243993 times (4.88%)
Action 8: 272662 times (5.45%)
Action 9: 264343 times (5.29%)
Action 10: 301261 times (6.03%)
Action 11: 301690 times (6.03%)
Action 12: 283829 times (5.68%)
Action 13: 316286 times (6.33%)
Action 14: 336019 times (6.72%)
Action 15: 297242 times (5.94%)
Action 16: 372483 times (7.45%)
Action 17: 352448 times (7.05%)

Action distribution entropy: 4.1506
Max possible entropy: 4.1699
Normalized entropy: 0.9954

Reward sequence analysis:
Average trajectory length: 1408.16
Average total reward per trajectory: 62.07
Average steps until first non-zero reward: 87.90