Analyzing data for game: Seaquest
Total steps analyzed: 500000
Number of trajectories: 360
Visualizing a random game state:

Action space analysis:
Unique actions: [0, 1, 2, 3, 4, 5, 6, 7, 8, 9, 10, 11, 12, 13, 14, 15, 16, 17]
Number of unique actions: 18

Action frequency breakdown:
Action 16: 7.46%
Action 17: 6.88%
Action 14: 6.57%
Action 13: 6.22%
Action 15: 6.05%
Action 10: 5.97%
Action 11: 5.74%
Action 12: 5.62%
Action 5: 5.55%
Action 2: 5.39%
Action 9: 5.27%
Action 6: 5.21%
Action 8: 5.10%
Action 7: 5.03%
Action 1: 5.00%
Action 0: 4.45%
Action 3: 4.25%
Action 4: 4.22%

Reward sequence analysis:
Average trajectory length: 1387.23
Average total reward per trajectory: 70.33
Average steps until first non-zero reward: 80.39